Compiling the C compiler identification source file "CMakeCCompilerId.c" failed.
Compiler: //duo-sdk/riscv64-linux-musl-x86_64/bin/riscv64-unknown-linux-musl-gcc 
Build flags: -D_LARGEFILE_SOURCE;-D_LARGEFILE64_SOURCE;-D_FILE_OFFSET_BITS=64
Id flags:  

The output was:
SIGTRAP
rosetta error: failed to open elf at /lib64/ld-linux-x86-64.so.2
 

Compiling the C compiler identification source file "CMakeCCompilerId.c" failed.
Compiler: //duo-sdk/riscv64-linux-musl-x86_64/bin/riscv64-unknown-linux-musl-gcc 
Build flags: -D_LARGEFILE_SOURCE;-D_LARGEFILE64_SOURCE;-D_FILE_OFFSET_BITS=64
Id flags: -c 

The output was:
SIGTRAP
rosetta error: failed to open elf at /lib64/ld-linux-x86-64.so.2
 

Compiling the C compiler identification source file "CMakeCCompilerId.c" failed.
Compiler: //duo-sdk/riscv64-linux-musl-x86_64/bin/riscv64-unknown-linux-musl-gcc 
Build flags: -D_LARGEFILE_SOURCE;-D_LARGEFILE64_SOURCE;-D_FILE_OFFSET_BITS=64
Id flags: -Aa 

The output was:
SIGTRAP
rosetta error: failed to open elf at /lib64/ld-linux-x86-64.so.2
 

Compiling the C compiler identification source file "CMakeCCompilerId.c" failed.
Compiler: //duo-sdk/riscv64-linux-musl-x86_64/bin/riscv64-unknown-linux-musl-gcc 
Build flags: -D_LARGEFILE_SOURCE;-D_LARGEFILE64_SOURCE;-D_FILE_OFFSET_BITS=64
Id flags: -D__CLASSIC_C__ 

The output was:
SIGTRAP
rosetta error: failed to open elf at /lib64/ld-linux-x86-64.so.2
 

Compiling the C compiler identification source file "CMakeCCompilerId.c" failed.
Compiler: //duo-sdk/riscv64-linux-musl-x86_64/bin/riscv64-unknown-linux-musl-gcc 
Build flags: -D_LARGEFILE_SOURCE;-D_LARGEFILE64_SOURCE;-D_FILE_OFFSET_BITS=64
Id flags: --target=arm-arm-none-eabi;-mcpu=cortex-m3 

The output was:
SIGTRAP
rosetta error: failed to open elf at /lib64/ld-linux-x86-64.so.2
 

Compiling the C compiler identification source file "CMakeCCompilerId.c" failed.
Compiler: //duo-sdk/riscv64-linux-musl-x86_64/bin/riscv64-unknown-linux-musl-gcc 
Build flags: -D_LARGEFILE_SOURCE;-D_LARGEFILE64_SOURCE;-D_FILE_OFFSET_BITS=64
Id flags: -c;-I__does_not_exist__ 

The output was:
SIGTRAP
rosetta error: failed to open elf at /lib64/ld-linux-x86-64.so.2
 

Compiling the C compiler identification source file "CMakeCCompilerId.c" failed.
Compiler: //duo-sdk/riscv64-linux-musl-x86_64/bin/riscv64-unknown-linux-musl-gcc 
Build flags: 
Id flags:  

The output was:
SIGTRAP
rosetta error: failed to open elf at /lib64/ld-linux-x86-64.so.2
 

Compiling the C compiler identification source file "CMakeCCompilerId.c" failed.
Compiler: //duo-sdk/riscv64-linux-musl-x86_64/bin/riscv64-unknown-linux-musl-gcc 
Build flags: 
Id flags: -c 

The output was:
SIGTRAP
rosetta error: failed to open elf at /lib64/ld-linux-x86-64.so.2
 

Compiling the C compiler identification source file "CMakeCCompilerId.c" failed.
Compiler: //duo-sdk/riscv64-linux-musl-x86_64/bin/riscv64-unknown-linux-musl-gcc 
Build flags: 
Id flags: -Aa 

The output was:
SIGTRAP
rosetta error: failed to open elf at /lib64/ld-linux-x86-64.so.2
 

Compiling the C compiler identification source file "CMakeCCompilerId.c" failed.
Compiler: //duo-sdk/riscv64-linux-musl-x86_64/bin/riscv64-unknown-linux-musl-gcc 
Build flags: 
Id flags: -D__CLASSIC_C__ 

The output was:
SIGTRAP
rosetta error: failed to open elf at /lib64/ld-linux-x86-64.so.2
 

Compiling the C compiler identification source file "CMakeCCompilerId.c" failed.
Compiler: //duo-sdk/riscv64-linux-musl-x86_64/bin/riscv64-unknown-linux-musl-gcc 
Build flags: 
Id flags: --target=arm-arm-none-eabi;-mcpu=cortex-m3 

The output was:
SIGTRAP
rosetta error: failed to open elf at /lib64/ld-linux-x86-64.so.2
 

Compiling the C compiler identification source file "CMakeCCompilerId.c" failed.
Compiler: //duo-sdk/riscv64-linux-musl-x86_64/bin/riscv64-unknown-linux-musl-gcc 
Build flags: 
Id flags: -c;-I__does_not_exist__ 

The output was:
SIGTRAP
rosetta error: failed to open elf at /lib64/ld-linux-x86-64.so.2
 

Checking whether the C compiler is IAR using "" did not match "IAR .+ Compiler":
rosetta error: failed to open elf at /lib64/ld-linux-x86-64.so.2
 Checking whether the C compiler is IAR using "" did not match "IAR .+ Compiler":
rosetta error: failed to open elf at /lib64/ld-linux-x86-64.so.2
 Detecting C compiler ABI info failed to compile with the following output:
Change Dir: /app/build/CMakeFiles/CMakeTmp

Run Build Command(s):/usr/bin/gmake -f Makefile cmTC_a4bf9/fast && /usr/bin/gmake  -f CMakeFiles/cmTC_a4bf9.dir/build.make CMakeFiles/cmTC_a4bf9.dir/build
gmake[1]: Entering directory '/app/build/CMakeFiles/CMakeTmp'
Building C object CMakeFiles/cmTC_a4bf9.dir/CMakeCCompilerABI.c.o
//duo-sdk/riscv64-linux-musl-x86_64/bin/riscv64-unknown-linux-musl-gcc   -D_LARGEFILE_SOURCE -D_LARGEFILE64_SOURCE -D_FILE_OFFSET_BITS=64  -o CMakeFiles/cmTC_a4bf9.dir/CMakeCCompilerABI.c.o -c /usr/share/cmake-3.22/Modules/CMakeCCompilerABI.c
rosetta error: failed to open elf at /lib64/ld-linux-x86-64.so.2
 gmake[1]: *** [CMakeFiles/cmTC_a4bf9.dir/build.make:78: CMakeFiles/cmTC_a4bf9.dir/CMakeCCompilerABI.c.o] Trace/breakpoint trap
gmake[1]: Leaving directory '/app/build/CMakeFiles/CMakeTmp'
gmake: *** [Makefile:127: cmTC_a4bf9/fast] Error 2




Determining if the C compiler works failed with the following output:
Change Dir: /app/build/CMakeFiles/CMakeTmp

Run Build Command(s):/usr/bin/gmake -f Makefile cmTC_a7fdf/fast && /usr/bin/gmake  -f CMakeFiles/cmTC_a7fdf.dir/build.make CMakeFiles/cmTC_a7fdf.dir/build
gmake[1]: Entering directory '/app/build/CMakeFiles/CMakeTmp'
Building C object CMakeFiles/cmTC_a7fdf.dir/testCCompiler.c.o
//duo-sdk/riscv64-linux-musl-x86_64/bin/riscv64-unknown-linux-musl-gcc   -D_LARGEFILE_SOURCE -D_LARGEFILE64_SOURCE -D_FILE_OFFSET_BITS=64  -o CMakeFiles/cmTC_a7fdf.dir/testCCompiler.c.o -c /app/build/CMakeFiles/CMakeTmp/testCCompiler.c
rosetta error: failed to open elf at /lib64/ld-linux-x86-64.so.2
 gmake[1]: *** [CMakeFiles/cmTC_a7fdf.dir/build.make:78: CMakeFiles/cmTC_a7fdf.dir/testCCompiler.c.o] Trace/breakpoint trap
gmake[1]: Leaving directory '/app/build/CMakeFiles/CMakeTmp'
gmake: *** [Makefile:127: cmTC_a7fdf/fast] Error 2



