The target system is: Linux -  - riscv
The host system is: Linux - 6.2.16-3-pve - x86_64
Compiling the C compiler identification source file "CMakeCCompilerId.c" succeeded.
Compiler: //duo-sdk/riscv64-linux-musl-x86_64/bin/riscv64-unknown-linux-musl-gcc 
Build flags: -D_LARGEFILE_SOURCE;-D_LARGEFILE64_SOURCE;-D_FILE_OFFSET_BITS=64
Id flags:  

The output was:
0


Compilation of the C compiler identification source "CMakeCCompilerId.c" produced "a.out"

The C compiler identification is GNU, found in "/app/build/CMakeFiles/3.22.1/CompilerIdC/a.out"

Detecting C compiler ABI info compiled with the following output:
Change Dir: /app/build/CMakeFiles/CMakeTmp

Run Build Command(s):/usr/bin/gmake -f Makefile cmTC_f45ee/fast && /usr/bin/gmake  -f CMakeFiles/cmTC_f45ee.dir/build.make CMakeFiles/cmTC_f45ee.dir/build
gmake[1]: Entering directory '/app/build/CMakeFiles/CMakeTmp'
Building C object CMakeFiles/cmTC_f45ee.dir/CMakeCCompilerABI.c.o
//duo-sdk/riscv64-linux-musl-x86_64/bin/riscv64-unknown-linux-musl-gcc --sysroot=//duo-sdk/rootfs   -v -o CMakeFiles/cmTC_f45ee.dir/CMakeCCompilerABI.c.o -c /usr/share/cmake-3.22/Modules/CMakeCCompilerABI.c
Using built-in specs.
COLLECT_GCC=//duo-sdk/riscv64-linux-musl-x86_64/bin/riscv64-unknown-linux-musl-gcc
Target: riscv64-unknown-linux-musl
Configured with: /mnt/ssd/jenkins_iotsw/slave/workspace/Toolchain/build-gnu-riscv_4/./source/riscv/riscv-gcc/configure --target=riscv64-unknown-linux-musl --with-gmp=/mnt/ssd/jenkins_iotsw/slave/workspace/Toolchain/build-gnu-riscv_4/build-gcc-riscv64-unknown-linux-musl/build-Xuantie-900-gcc-linux-5.10.4-musl64-x86_64-V2.6.1/lib-for-gcc-x86_64-linux --with-mpfr=/mnt/ssd/jenkins_iotsw/slave/workspace/Toolchain/build-gnu-riscv_4/build-gcc-riscv64-unknown-linux-musl/build-Xuantie-900-gcc-linux-5.10.4-musl64-x86_64-V2.6.1/lib-for-gcc-x86_64-linux --with-mpc=/mnt/ssd/jenkins_iotsw/slave/workspace/Toolchain/build-gnu-riscv_4/build-gcc-riscv64-unknown-linux-musl/build-Xuantie-900-gcc-linux-5.10.4-musl64-x86_64-V2.6.1/lib-for-gcc-x86_64-linux --with-libexpat-prefix=/mnt/ssd/jenkins_iotsw/slave/workspace/Toolchain/build-gnu-riscv_4/build-gcc-riscv64-unknown-linux-musl/build-Xuantie-900-gcc-linux-5.10.4-musl64-x86_64-V2.6.1/lib-for-gcc-x86_64-linux --with-libmpfr-prefix=/mnt/ssd/jenkins_iotsw/slave/workspace/Toolchain/build-gnu-riscv_4/build-gcc-riscv64-unknown-linux-musl/build-Xuantie-900-gcc-linux-5.10.4-musl64-x86_64-V2.6.1/lib-for-gcc-x86_64-linux --with-pkgversion='Xuantie-900 linux-5.10.4 musl gcc Toolchain V2.6.1 B-20220906' CXXFLAGS='-g -O2 -DTHEAD_VERSION_NUMBER=2.6.1 ' --prefix=/mnt/ssd/jenkins_iotsw/slave/workspace/Toolchain/build-gnu-riscv_4/build-gcc-riscv64-unknown-linux-musl/Xuantie-900-gcc-linux-5.10.4-musl64-x86_64-V2.6.1 --with-sysroot=/mnt/ssd/jenkins_iotsw/slave/workspace/Toolchain/build-gnu-riscv_4/build-gcc-riscv64-unknown-linux-musl/Xuantie-900-gcc-linux-5.10.4-musl64-x86_64-V2.6.1/sysroot --with-system-zlib --enable-shared --enable-tls --enable-languages=c,c++ --disable-libmudflap --disable-libssp --disable-libquadmath --disable-libsanitizer --disable-nls --disable-bootstrap --src=/mnt/ssd/jenkins_iotsw/slave/workspace/Toolchain/build-gnu-riscv_4/./source/riscv/riscv-gcc --enable-multilib --with-abi=lp64d --with-arch=rv64gcxthead 'CFLAGS_FOR_TARGET=-O2   -mcmodel=medany' 'CXXFLAGS_FOR_TARGET=-O2   -mcmodel=medany'
Thread model: posix
Supported LTO compression algorithms: zlib
gcc version 10.2.0 (Xuantie-900 linux-5.10.4 musl gcc Toolchain V2.6.1 B-20220906) 
COLLECT_GCC_OPTIONS='-v' '-o' 'CMakeFiles/cmTC_f45ee.dir/CMakeCCompilerABI.c.o' '-c' '-march=rv64gcxthead' '-mabi=lp64d' '-march=rv64imafdc_xtheadc'
 /duo-sdk/riscv64-linux-musl-x86_64/bin/../libexec/gcc/riscv64-unknown-linux-musl/10.2.0/cc1 -quiet -v -imultilib lib64xthead/lp64d -iprefix /duo-sdk/riscv64-linux-musl-x86_64/bin/../lib/gcc/riscv64-unknown-linux-musl/10.2.0/ -isysroot //duo-sdk/rootfs /usr/share/cmake-3.22/Modules/CMakeCCompilerABI.c -quiet -dumpbase CMakeCCompilerABI.c -march=rv64gcxthead -mabi=lp64d -march=rv64imafdc_xtheadc -auxbase-strip CMakeFiles/cmTC_f45ee.dir/CMakeCCompilerABI.c.o -version -o /tmp/cclQoeG1.s
GNU C17 (Xuantie-900 linux-5.10.4 musl gcc Toolchain V2.6.1 B-20220906) version 10.2.0 (riscv64-unknown-linux-musl)
	compiled by GNU C version 6.4.0, GMP version 6.2.0, MPFR version 4.0.2, MPC version 1.1.0, isl version none
GGC heuristics: --param ggc-min-expand=100 --param ggc-min-heapsize=131072
ignoring nonexistent directory "//duo-sdk/rootfs/usr/local/include"
ignoring duplicate directory "/duo-sdk/riscv64-linux-musl-x86_64/bin/../lib/gcc/../../lib/gcc/riscv64-unknown-linux-musl/10.2.0/../../../../riscv64-unknown-linux-musl/include"
ignoring duplicate directory "/duo-sdk/riscv64-linux-musl-x86_64/bin/../lib/gcc/../../lib/gcc/riscv64-unknown-linux-musl/10.2.0/include"
#include "..." search starts here:
#include <...> search starts here:
 /duo-sdk/riscv64-linux-musl-x86_64/bin/../lib/gcc/riscv64-unknown-linux-musl/10.2.0/../../../../riscv64-unknown-linux-musl/include
 /duo-sdk/riscv64-linux-musl-x86_64/bin/../lib/gcc/riscv64-unknown-linux-musl/10.2.0/include
 //duo-sdk/rootfs/usr/include
End of search list.
GNU C17 (Xuantie-900 linux-5.10.4 musl gcc Toolchain V2.6.1 B-20220906) version 10.2.0 (riscv64-unknown-linux-musl)
	compiled by GNU C version 6.4.0, GMP version 6.2.0, MPFR version 4.0.2, MPC version 1.1.0, isl version none
GGC heuristics: --param ggc-min-expand=100 --param ggc-min-heapsize=131072
Compiler executable checksum: 3507d7abbd4291d8ba23c72f305d6f79
COLLECT_GCC_OPTIONS='-v' '-o' 'CMakeFiles/cmTC_f45ee.dir/CMakeCCompilerABI.c.o' '-c' '-march=rv64gcxthead' '-mabi=lp64d' '-march=rv64imafdc_xtheadc'
 /duo-sdk/riscv64-linux-musl-x86_64/bin/../lib/gcc/riscv64-unknown-linux-musl/10.2.0/../../../../riscv64-unknown-linux-musl/bin/as -v --traditional-format -march=rv64gcxthead -march=rv64imafdc_xtheadc -mabi=lp64d -o CMakeFiles/cmTC_f45ee.dir/CMakeCCompilerABI.c.o /tmp/cclQoeG1.s
GNU assembler version 2.35 (riscv64-unknown-linux-musl) using BFD version (GNU Binutils) 2.35
COMPILER_PATH=/duo-sdk/riscv64-linux-musl-x86_64/bin/../libexec/gcc/riscv64-unknown-linux-musl/10.2.0/:/duo-sdk/riscv64-linux-musl-x86_64/bin/../libexec/gcc/:/duo-sdk/riscv64-linux-musl-x86_64/bin/../lib/gcc/riscv64-unknown-linux-musl/10.2.0/../../../../riscv64-unknown-linux-musl/bin/
LIBRARY_PATH=/duo-sdk/riscv64-linux-musl-x86_64/bin/../lib/gcc/riscv64-unknown-linux-musl/10.2.0/lib64xthead/lp64d/:/duo-sdk/riscv64-linux-musl-x86_64/bin/../lib/gcc/riscv64-unknown-linux-musl/10.2.0/../../../../riscv64-unknown-linux-musl/lib/../lib64xthead/lp64d/:/duo-sdk/riscv64-linux-musl-x86_64/bin/../lib/gcc/riscv64-unknown-linux-musl/10.2.0/:/duo-sdk/riscv64-linux-musl-x86_64/bin/../lib/gcc/:/duo-sdk/riscv64-linux-musl-x86_64/bin/../lib/gcc/riscv64-unknown-linux-musl/10.2.0/../../../../riscv64-unknown-linux-musl/lib/://duo-sdk/rootfs/lib64/lp64d/://duo-sdk/rootfs/usr/lib64/lp64d/://duo-sdk/rootfs/lib/://duo-sdk/rootfs/usr/lib/
COLLECT_GCC_OPTIONS='-v' '-o' 'CMakeFiles/cmTC_f45ee.dir/CMakeCCompilerABI.c.o' '-c' '-march=rv64gcxthead' '-mabi=lp64d' '-march=rv64imafdc_xtheadc'
Linking C executable cmTC_f45ee
/usr/bin/cmake -E cmake_link_script CMakeFiles/cmTC_f45ee.dir/link.txt --verbose=1
//duo-sdk/riscv64-linux-musl-x86_64/bin/riscv64-unknown-linux-musl-gcc --sysroot=//duo-sdk/rootfs  -lwiringx -v -rdynamic CMakeFiles/cmTC_f45ee.dir/CMakeCCompilerABI.c.o -o cmTC_f45ee 
Using built-in specs.
COLLECT_GCC=//duo-sdk/riscv64-linux-musl-x86_64/bin/riscv64-unknown-linux-musl-gcc
COLLECT_LTO_WRAPPER=/duo-sdk/riscv64-linux-musl-x86_64/bin/../libexec/gcc/riscv64-unknown-linux-musl/10.2.0/lto-wrapper
Target: riscv64-unknown-linux-musl
Configured with: /mnt/ssd/jenkins_iotsw/slave/workspace/Toolchain/build-gnu-riscv_4/./source/riscv/riscv-gcc/configure --target=riscv64-unknown-linux-musl --with-gmp=/mnt/ssd/jenkins_iotsw/slave/workspace/Toolchain/build-gnu-riscv_4/build-gcc-riscv64-unknown-linux-musl/build-Xuantie-900-gcc-linux-5.10.4-musl64-x86_64-V2.6.1/lib-for-gcc-x86_64-linux --with-mpfr=/mnt/ssd/jenkins_iotsw/slave/workspace/Toolchain/build-gnu-riscv_4/build-gcc-riscv64-unknown-linux-musl/build-Xuantie-900-gcc-linux-5.10.4-musl64-x86_64-V2.6.1/lib-for-gcc-x86_64-linux --with-mpc=/mnt/ssd/jenkins_iotsw/slave/workspace/Toolchain/build-gnu-riscv_4/build-gcc-riscv64-unknown-linux-musl/build-Xuantie-900-gcc-linux-5.10.4-musl64-x86_64-V2.6.1/lib-for-gcc-x86_64-linux --with-libexpat-prefix=/mnt/ssd/jenkins_iotsw/slave/workspace/Toolchain/build-gnu-riscv_4/build-gcc-riscv64-unknown-linux-musl/build-Xuantie-900-gcc-linux-5.10.4-musl64-x86_64-V2.6.1/lib-for-gcc-x86_64-linux --with-libmpfr-prefix=/mnt/ssd/jenkins_iotsw/slave/workspace/Toolchain/build-gnu-riscv_4/build-gcc-riscv64-unknown-linux-musl/build-Xuantie-900-gcc-linux-5.10.4-musl64-x86_64-V2.6.1/lib-for-gcc-x86_64-linux --with-pkgversion='Xuantie-900 linux-5.10.4 musl gcc Toolchain V2.6.1 B-20220906' CXXFLAGS='-g -O2 -DTHEAD_VERSION_NUMBER=2.6.1 ' --prefix=/mnt/ssd/jenkins_iotsw/slave/workspace/Toolchain/build-gnu-riscv_4/build-gcc-riscv64-unknown-linux-musl/Xuantie-900-gcc-linux-5.10.4-musl64-x86_64-V2.6.1 --with-sysroot=/mnt/ssd/jenkins_iotsw/slave/workspace/Toolchain/build-gnu-riscv_4/build-gcc-riscv64-unknown-linux-musl/Xuantie-900-gcc-linux-5.10.4-musl64-x86_64-V2.6.1/sysroot --with-system-zlib --enable-shared --enable-tls --enable-languages=c,c++ --disable-libmudflap --disable-libssp --disable-libquadmath --disable-libsanitizer --disable-nls --disable-bootstrap --src=/mnt/ssd/jenkins_iotsw/slave/workspace/Toolchain/build-gnu-riscv_4/./source/riscv/riscv-gcc --enable-multilib --with-abi=lp64d --with-arch=rv64gcxthead 'CFLAGS_FOR_TARGET=-O2   -mcmodel=medany' 'CXXFLAGS_FOR_TARGET=-O2   -mcmodel=medany'
Thread model: posix
Supported LTO compression algorithms: zlib
gcc version 10.2.0 (Xuantie-900 linux-5.10.4 musl gcc Toolchain V2.6.1 B-20220906) 
COMPILER_PATH=/duo-sdk/riscv64-linux-musl-x86_64/bin/../libexec/gcc/riscv64-unknown-linux-musl/10.2.0/:/duo-sdk/riscv64-linux-musl-x86_64/bin/../libexec/gcc/:/duo-sdk/riscv64-linux-musl-x86_64/bin/../lib/gcc/riscv64-unknown-linux-musl/10.2.0/../../../../riscv64-unknown-linux-musl/bin/
LIBRARY_PATH=/duo-sdk/riscv64-linux-musl-x86_64/bin/../lib/gcc/riscv64-unknown-linux-musl/10.2.0/lib64xthead/lp64d/:/duo-sdk/riscv64-linux-musl-x86_64/bin/../lib/gcc/riscv64-unknown-linux-musl/10.2.0/../../../../riscv64-unknown-linux-musl/lib/../lib64xthead/lp64d/:/duo-sdk/riscv64-linux-musl-x86_64/bin/../lib/gcc/riscv64-unknown-linux-musl/10.2.0/:/duo-sdk/riscv64-linux-musl-x86_64/bin/../lib/gcc/:/duo-sdk/riscv64-linux-musl-x86_64/bin/../lib/gcc/riscv64-unknown-linux-musl/10.2.0/../../../../riscv64-unknown-linux-musl/lib/://duo-sdk/rootfs/lib64/lp64d/://duo-sdk/rootfs/usr/lib64/lp64d/://duo-sdk/rootfs/lib/://duo-sdk/rootfs/usr/lib/
COLLECT_GCC_OPTIONS='-v' '-rdynamic' '-o' 'cmTC_f45ee' '-march=rv64gcxthead' '-mabi=lp64d' '-march=rv64imafdc_xtheadc'
 /duo-sdk/riscv64-linux-musl-x86_64/bin/../libexec/gcc/riscv64-unknown-linux-musl/10.2.0/collect2 -plugin /duo-sdk/riscv64-linux-musl-x86_64/bin/../libexec/gcc/riscv64-unknown-linux-musl/10.2.0/liblto_plugin.so -plugin-opt=/duo-sdk/riscv64-linux-musl-x86_64/bin/../libexec/gcc/riscv64-unknown-linux-musl/10.2.0/lto-wrapper -plugin-opt=-fresolution=/tmp/cc7FuxJ3.res -plugin-opt=-pass-through=-lgcc -plugin-opt=-pass-through=-lgcc_s -plugin-opt=-pass-through=-lc -plugin-opt=-pass-through=-lgcc -plugin-opt=-pass-through=-lgcc_s --sysroot=//duo-sdk/rootfs --eh-frame-hdr -melf64lriscv -export-dynamic -dynamic-linker /lib/ld-musl-riscv64xthead.so.1 -o cmTC_f45ee //duo-sdk/rootfs/usr/lib64/lp64d/crt1.o /duo-sdk/riscv64-linux-musl-x86_64/bin/../lib/gcc/riscv64-unknown-linux-musl/10.2.0/lib64xthead/lp64d/crti.o /duo-sdk/riscv64-linux-musl-x86_64/bin/../lib/gcc/riscv64-unknown-linux-musl/10.2.0/lib64xthead/lp64d/crtbegin.o -L/duo-sdk/riscv64-linux-musl-x86_64/bin/../lib/gcc/riscv64-unknown-linux-musl/10.2.0/lib64xthead/lp64d -L/duo-sdk/riscv64-linux-musl-x86_64/bin/../lib/gcc/riscv64-unknown-linux-musl/10.2.0/../../../../riscv64-unknown-linux-musl/lib/../lib64xthead/lp64d -L/duo-sdk/riscv64-linux-musl-x86_64/bin/../lib/gcc/riscv64-unknown-linux-musl/10.2.0 -L/duo-sdk/riscv64-linux-musl-x86_64/bin/../lib/gcc -L/duo-sdk/riscv64-linux-musl-x86_64/bin/../lib/gcc/riscv64-unknown-linux-musl/10.2.0/../../../../riscv64-unknown-linux-musl/lib -L//duo-sdk/rootfs/lib64/lp64d -L//duo-sdk/rootfs/usr/lib64/lp64d -L//duo-sdk/rootfs/lib -L//duo-sdk/rootfs/usr/lib -lwiringx CMakeFiles/cmTC_f45ee.dir/CMakeCCompilerABI.c.o -lgcc --push-state --as-needed -lgcc_s --pop-state -lc -lgcc --push-state --as-needed -lgcc_s --pop-state /duo-sdk/riscv64-linux-musl-x86_64/bin/../lib/gcc/riscv64-unknown-linux-musl/10.2.0/lib64xthead/lp64d/crtend.o /duo-sdk/riscv64-linux-musl-x86_64/bin/../lib/gcc/riscv64-unknown-linux-musl/10.2.0/lib64xthead/lp64d/crtn.o
COLLECT_GCC_OPTIONS='-v' '-rdynamic' '-o' 'cmTC_f45ee' '-march=rv64gcxthead' '-mabi=lp64d' '-march=rv64imafdc_xtheadc'
gmake[1]: Leaving directory '/app/build/CMakeFiles/CMakeTmp'



Parsed C implicit include dir info from above output: rv=done
  found start of include info
  found start of implicit include info
    add: [/duo-sdk/riscv64-linux-musl-x86_64/bin/../lib/gcc/riscv64-unknown-linux-musl/10.2.0/../../../../riscv64-unknown-linux-musl/include]
    add: [/duo-sdk/riscv64-linux-musl-x86_64/bin/../lib/gcc/riscv64-unknown-linux-musl/10.2.0/include]
    add: [//duo-sdk/rootfs/usr/include]
  end of search list found
  collapse include dir [/duo-sdk/riscv64-linux-musl-x86_64/bin/../lib/gcc/riscv64-unknown-linux-musl/10.2.0/../../../../riscv64-unknown-linux-musl/include] ==> [/duo-sdk/riscv64-linux-musl-x86_64/riscv64-unknown-linux-musl/include]
  collapse include dir [/duo-sdk/riscv64-linux-musl-x86_64/bin/../lib/gcc/riscv64-unknown-linux-musl/10.2.0/include] ==> [/duo-sdk/riscv64-linux-musl-x86_64/lib/gcc/riscv64-unknown-linux-musl/10.2.0/include]
  collapse include dir [//duo-sdk/rootfs/usr/include] ==> [//duo-sdk/rootfs/usr/include]
  implicit include dirs: [/duo-sdk/riscv64-linux-musl-x86_64/riscv64-unknown-linux-musl/include;/duo-sdk/riscv64-linux-musl-x86_64/lib/gcc/riscv64-unknown-linux-musl/10.2.0/include;//duo-sdk/rootfs/usr/include]


Parsed C implicit link information from above output:
  link line regex: [^( *|.*[/\])(riscv64-unknown-linux-musl-ld|CMAKE_LINK_STARTFILE-NOTFOUND|([^/\]+-)?ld|collect2)[^/\]*( |$)]
  ignore line: [Change Dir: /app/build/CMakeFiles/CMakeTmp]
  ignore line: []
  ignore line: [Run Build Command(s):/usr/bin/gmake -f Makefile cmTC_f45ee/fast && /usr/bin/gmake  -f CMakeFiles/cmTC_f45ee.dir/build.make CMakeFiles/cmTC_f45ee.dir/build]
  ignore line: [gmake[1]: Entering directory '/app/build/CMakeFiles/CMakeTmp']
  ignore line: [Building C object CMakeFiles/cmTC_f45ee.dir/CMakeCCompilerABI.c.o]
  ignore line: [//duo-sdk/riscv64-linux-musl-x86_64/bin/riscv64-unknown-linux-musl-gcc --sysroot=//duo-sdk/rootfs   -v -o CMakeFiles/cmTC_f45ee.dir/CMakeCCompilerABI.c.o -c /usr/share/cmake-3.22/Modules/CMakeCCompilerABI.c]
  ignore line: [Using built-in specs.]
  ignore line: [COLLECT_GCC=//duo-sdk/riscv64-linux-musl-x86_64/bin/riscv64-unknown-linux-musl-gcc]
  ignore line: [Target: riscv64-unknown-linux-musl]
  ignore line: [Configured with: /mnt/ssd/jenkins_iotsw/slave/workspace/Toolchain/build-gnu-riscv_4/./source/riscv/riscv-gcc/configure --target=riscv64-unknown-linux-musl --with-gmp=/mnt/ssd/jenkins_iotsw/slave/workspace/Toolchain/build-gnu-riscv_4/build-gcc-riscv64-unknown-linux-musl/build-Xuantie-900-gcc-linux-5.10.4-musl64-x86_64-V2.6.1/lib-for-gcc-x86_64-linux --with-mpfr=/mnt/ssd/jenkins_iotsw/slave/workspace/Toolchain/build-gnu-riscv_4/build-gcc-riscv64-unknown-linux-musl/build-Xuantie-900-gcc-linux-5.10.4-musl64-x86_64-V2.6.1/lib-for-gcc-x86_64-linux --with-mpc=/mnt/ssd/jenkins_iotsw/slave/workspace/Toolchain/build-gnu-riscv_4/build-gcc-riscv64-unknown-linux-musl/build-Xuantie-900-gcc-linux-5.10.4-musl64-x86_64-V2.6.1/lib-for-gcc-x86_64-linux --with-libexpat-prefix=/mnt/ssd/jenkins_iotsw/slave/workspace/Toolchain/build-gnu-riscv_4/build-gcc-riscv64-unknown-linux-musl/build-Xuantie-900-gcc-linux-5.10.4-musl64-x86_64-V2.6.1/lib-for-gcc-x86_64-linux --with-libmpfr-prefix=/mnt/ssd/jenkins_iotsw/slave/workspace/Toolchain/build-gnu-riscv_4/build-gcc-riscv64-unknown-linux-musl/build-Xuantie-900-gcc-linux-5.10.4-musl64-x86_64-V2.6.1/lib-for-gcc-x86_64-linux --with-pkgversion='Xuantie-900 linux-5.10.4 musl gcc Toolchain V2.6.1 B-20220906' CXXFLAGS='-g -O2 -DTHEAD_VERSION_NUMBER=2.6.1 ' --prefix=/mnt/ssd/jenkins_iotsw/slave/workspace/Toolchain/build-gnu-riscv_4/build-gcc-riscv64-unknown-linux-musl/Xuantie-900-gcc-linux-5.10.4-musl64-x86_64-V2.6.1 --with-sysroot=/mnt/ssd/jenkins_iotsw/slave/workspace/Toolchain/build-gnu-riscv_4/build-gcc-riscv64-unknown-linux-musl/Xuantie-900-gcc-linux-5.10.4-musl64-x86_64-V2.6.1/sysroot --with-system-zlib --enable-shared --enable-tls --enable-languages=c c++ --disable-libmudflap --disable-libssp --disable-libquadmath --disable-libsanitizer --disable-nls --disable-bootstrap --src=/mnt/ssd/jenkins_iotsw/slave/workspace/Toolchain/build-gnu-riscv_4/./source/riscv/riscv-gcc --enable-multilib --with-abi=lp64d --with-arch=rv64gcxthead 'CFLAGS_FOR_TARGET=-O2   -mcmodel=medany' 'CXXFLAGS_FOR_TARGET=-O2   -mcmodel=medany']
  ignore line: [Thread model: posix]
  ignore line: [Supported LTO compression algorithms: zlib]
  ignore line: [gcc version 10.2.0 (Xuantie-900 linux-5.10.4 musl gcc Toolchain V2.6.1 B-20220906) ]
  ignore line: [COLLECT_GCC_OPTIONS='-v' '-o' 'CMakeFiles/cmTC_f45ee.dir/CMakeCCompilerABI.c.o' '-c' '-march=rv64gcxthead' '-mabi=lp64d' '-march=rv64imafdc_xtheadc']
  ignore line: [ /duo-sdk/riscv64-linux-musl-x86_64/bin/../libexec/gcc/riscv64-unknown-linux-musl/10.2.0/cc1 -quiet -v -imultilib lib64xthead/lp64d -iprefix /duo-sdk/riscv64-linux-musl-x86_64/bin/../lib/gcc/riscv64-unknown-linux-musl/10.2.0/ -isysroot //duo-sdk/rootfs /usr/share/cmake-3.22/Modules/CMakeCCompilerABI.c -quiet -dumpbase CMakeCCompilerABI.c -march=rv64gcxthead -mabi=lp64d -march=rv64imafdc_xtheadc -auxbase-strip CMakeFiles/cmTC_f45ee.dir/CMakeCCompilerABI.c.o -version -o /tmp/cclQoeG1.s]
  ignore line: [GNU C17 (Xuantie-900 linux-5.10.4 musl gcc Toolchain V2.6.1 B-20220906) version 10.2.0 (riscv64-unknown-linux-musl)]
  ignore line: [	compiled by GNU C version 6.4.0  GMP version 6.2.0  MPFR version 4.0.2  MPC version 1.1.0  isl version none]
  ignore line: [GGC heuristics: --param ggc-min-expand=100 --param ggc-min-heapsize=131072]
  ignore line: [ignoring nonexistent directory "//duo-sdk/rootfs/usr/local/include"]
  ignore line: [ignoring duplicate directory "/duo-sdk/riscv64-linux-musl-x86_64/bin/../lib/gcc/../../lib/gcc/riscv64-unknown-linux-musl/10.2.0/../../../../riscv64-unknown-linux-musl/include"]
  ignore line: [ignoring duplicate directory "/duo-sdk/riscv64-linux-musl-x86_64/bin/../lib/gcc/../../lib/gcc/riscv64-unknown-linux-musl/10.2.0/include"]
  ignore line: [#include "..." search starts here:]
  ignore line: [#include <...> search starts here:]
  ignore line: [ /duo-sdk/riscv64-linux-musl-x86_64/bin/../lib/gcc/riscv64-unknown-linux-musl/10.2.0/../../../../riscv64-unknown-linux-musl/include]
  ignore line: [ /duo-sdk/riscv64-linux-musl-x86_64/bin/../lib/gcc/riscv64-unknown-linux-musl/10.2.0/include]
  ignore line: [ //duo-sdk/rootfs/usr/include]
  ignore line: [End of search list.]
  ignore line: [GNU C17 (Xuantie-900 linux-5.10.4 musl gcc Toolchain V2.6.1 B-20220906) version 10.2.0 (riscv64-unknown-linux-musl)]
  ignore line: [	compiled by GNU C version 6.4.0  GMP version 6.2.0  MPFR version 4.0.2  MPC version 1.1.0  isl version none]
  ignore line: [GGC heuristics: --param ggc-min-expand=100 --param ggc-min-heapsize=131072]
  ignore line: [Compiler executable checksum: 3507d7abbd4291d8ba23c72f305d6f79]
  ignore line: [COLLECT_GCC_OPTIONS='-v' '-o' 'CMakeFiles/cmTC_f45ee.dir/CMakeCCompilerABI.c.o' '-c' '-march=rv64gcxthead' '-mabi=lp64d' '-march=rv64imafdc_xtheadc']
  ignore line: [ /duo-sdk/riscv64-linux-musl-x86_64/bin/../lib/gcc/riscv64-unknown-linux-musl/10.2.0/../../../../riscv64-unknown-linux-musl/bin/as -v --traditional-format -march=rv64gcxthead -march=rv64imafdc_xtheadc -mabi=lp64d -o CMakeFiles/cmTC_f45ee.dir/CMakeCCompilerABI.c.o /tmp/cclQoeG1.s]
  ignore line: [GNU assembler version 2.35 (riscv64-unknown-linux-musl) using BFD version (GNU Binutils) 2.35]
  ignore line: [COMPILER_PATH=/duo-sdk/riscv64-linux-musl-x86_64/bin/../libexec/gcc/riscv64-unknown-linux-musl/10.2.0/:/duo-sdk/riscv64-linux-musl-x86_64/bin/../libexec/gcc/:/duo-sdk/riscv64-linux-musl-x86_64/bin/../lib/gcc/riscv64-unknown-linux-musl/10.2.0/../../../../riscv64-unknown-linux-musl/bin/]
  ignore line: [LIBRARY_PATH=/duo-sdk/riscv64-linux-musl-x86_64/bin/../lib/gcc/riscv64-unknown-linux-musl/10.2.0/lib64xthead/lp64d/:/duo-sdk/riscv64-linux-musl-x86_64/bin/../lib/gcc/riscv64-unknown-linux-musl/10.2.0/../../../../riscv64-unknown-linux-musl/lib/../lib64xthead/lp64d/:/duo-sdk/riscv64-linux-musl-x86_64/bin/../lib/gcc/riscv64-unknown-linux-musl/10.2.0/:/duo-sdk/riscv64-linux-musl-x86_64/bin/../lib/gcc/:/duo-sdk/riscv64-linux-musl-x86_64/bin/../lib/gcc/riscv64-unknown-linux-musl/10.2.0/../../../../riscv64-unknown-linux-musl/lib/://duo-sdk/rootfs/lib64/lp64d/://duo-sdk/rootfs/usr/lib64/lp64d/://duo-sdk/rootfs/lib/://duo-sdk/rootfs/usr/lib/]
  ignore line: [COLLECT_GCC_OPTIONS='-v' '-o' 'CMakeFiles/cmTC_f45ee.dir/CMakeCCompilerABI.c.o' '-c' '-march=rv64gcxthead' '-mabi=lp64d' '-march=rv64imafdc_xtheadc']
  ignore line: [Linking C executable cmTC_f45ee]
  ignore line: [/usr/bin/cmake -E cmake_link_script CMakeFiles/cmTC_f45ee.dir/link.txt --verbose=1]
  ignore line: [//duo-sdk/riscv64-linux-musl-x86_64/bin/riscv64-unknown-linux-musl-gcc --sysroot=//duo-sdk/rootfs  -lwiringx -v -rdynamic CMakeFiles/cmTC_f45ee.dir/CMakeCCompilerABI.c.o -o cmTC_f45ee ]
  ignore line: [Using built-in specs.]
  ignore line: [COLLECT_GCC=//duo-sdk/riscv64-linux-musl-x86_64/bin/riscv64-unknown-linux-musl-gcc]
  ignore line: [COLLECT_LTO_WRAPPER=/duo-sdk/riscv64-linux-musl-x86_64/bin/../libexec/gcc/riscv64-unknown-linux-musl/10.2.0/lto-wrapper]
  ignore line: [Target: riscv64-unknown-linux-musl]
  ignore line: [Configured with: /mnt/ssd/jenkins_iotsw/slave/workspace/Toolchain/build-gnu-riscv_4/./source/riscv/riscv-gcc/configure --target=riscv64-unknown-linux-musl --with-gmp=/mnt/ssd/jenkins_iotsw/slave/workspace/Toolchain/build-gnu-riscv_4/build-gcc-riscv64-unknown-linux-musl/build-Xuantie-900-gcc-linux-5.10.4-musl64-x86_64-V2.6.1/lib-for-gcc-x86_64-linux --with-mpfr=/mnt/ssd/jenkins_iotsw/slave/workspace/Toolchain/build-gnu-riscv_4/build-gcc-riscv64-unknown-linux-musl/build-Xuantie-900-gcc-linux-5.10.4-musl64-x86_64-V2.6.1/lib-for-gcc-x86_64-linux --with-mpc=/mnt/ssd/jenkins_iotsw/slave/workspace/Toolchain/build-gnu-riscv_4/build-gcc-riscv64-unknown-linux-musl/build-Xuantie-900-gcc-linux-5.10.4-musl64-x86_64-V2.6.1/lib-for-gcc-x86_64-linux --with-libexpat-prefix=/mnt/ssd/jenkins_iotsw/slave/workspace/Toolchain/build-gnu-riscv_4/build-gcc-riscv64-unknown-linux-musl/build-Xuantie-900-gcc-linux-5.10.4-musl64-x86_64-V2.6.1/lib-for-gcc-x86_64-linux --with-libmpfr-prefix=/mnt/ssd/jenkins_iotsw/slave/workspace/Toolchain/build-gnu-riscv_4/build-gcc-riscv64-unknown-linux-musl/build-Xuantie-900-gcc-linux-5.10.4-musl64-x86_64-V2.6.1/lib-for-gcc-x86_64-linux --with-pkgversion='Xuantie-900 linux-5.10.4 musl gcc Toolchain V2.6.1 B-20220906' CXXFLAGS='-g -O2 -DTHEAD_VERSION_NUMBER=2.6.1 ' --prefix=/mnt/ssd/jenkins_iotsw/slave/workspace/Toolchain/build-gnu-riscv_4/build-gcc-riscv64-unknown-linux-musl/Xuantie-900-gcc-linux-5.10.4-musl64-x86_64-V2.6.1 --with-sysroot=/mnt/ssd/jenkins_iotsw/slave/workspace/Toolchain/build-gnu-riscv_4/build-gcc-riscv64-unknown-linux-musl/Xuantie-900-gcc-linux-5.10.4-musl64-x86_64-V2.6.1/sysroot --with-system-zlib --enable-shared --enable-tls --enable-languages=c c++ --disable-libmudflap --disable-libssp --disable-libquadmath --disable-libsanitizer --disable-nls --disable-bootstrap --src=/mnt/ssd/jenkins_iotsw/slave/workspace/Toolchain/build-gnu-riscv_4/./source/riscv/riscv-gcc --enable-multilib --with-abi=lp64d --with-arch=rv64gcxthead 'CFLAGS_FOR_TARGET=-O2   -mcmodel=medany' 'CXXFLAGS_FOR_TARGET=-O2   -mcmodel=medany']
  ignore line: [Thread model: posix]
  ignore line: [Supported LTO compression algorithms: zlib]
  ignore line: [gcc version 10.2.0 (Xuantie-900 linux-5.10.4 musl gcc Toolchain V2.6.1 B-20220906) ]
  ignore line: [COMPILER_PATH=/duo-sdk/riscv64-linux-musl-x86_64/bin/../libexec/gcc/riscv64-unknown-linux-musl/10.2.0/:/duo-sdk/riscv64-linux-musl-x86_64/bin/../libexec/gcc/:/duo-sdk/riscv64-linux-musl-x86_64/bin/../lib/gcc/riscv64-unknown-linux-musl/10.2.0/../../../../riscv64-unknown-linux-musl/bin/]
  ignore line: [LIBRARY_PATH=/duo-sdk/riscv64-linux-musl-x86_64/bin/../lib/gcc/riscv64-unknown-linux-musl/10.2.0/lib64xthead/lp64d/:/duo-sdk/riscv64-linux-musl-x86_64/bin/../lib/gcc/riscv64-unknown-linux-musl/10.2.0/../../../../riscv64-unknown-linux-musl/lib/../lib64xthead/lp64d/:/duo-sdk/riscv64-linux-musl-x86_64/bin/../lib/gcc/riscv64-unknown-linux-musl/10.2.0/:/duo-sdk/riscv64-linux-musl-x86_64/bin/../lib/gcc/:/duo-sdk/riscv64-linux-musl-x86_64/bin/../lib/gcc/riscv64-unknown-linux-musl/10.2.0/../../../../riscv64-unknown-linux-musl/lib/://duo-sdk/rootfs/lib64/lp64d/://duo-sdk/rootfs/usr/lib64/lp64d/://duo-sdk/rootfs/lib/://duo-sdk/rootfs/usr/lib/]
  ignore line: [COLLECT_GCC_OPTIONS='-v' '-rdynamic' '-o' 'cmTC_f45ee' '-march=rv64gcxthead' '-mabi=lp64d' '-march=rv64imafdc_xtheadc']
  link line: [ /duo-sdk/riscv64-linux-musl-x86_64/bin/../libexec/gcc/riscv64-unknown-linux-musl/10.2.0/collect2 -plugin /duo-sdk/riscv64-linux-musl-x86_64/bin/../libexec/gcc/riscv64-unknown-linux-musl/10.2.0/liblto_plugin.so -plugin-opt=/duo-sdk/riscv64-linux-musl-x86_64/bin/../libexec/gcc/riscv64-unknown-linux-musl/10.2.0/lto-wrapper -plugin-opt=-fresolution=/tmp/cc7FuxJ3.res -plugin-opt=-pass-through=-lgcc -plugin-opt=-pass-through=-lgcc_s -plugin-opt=-pass-through=-lc -plugin-opt=-pass-through=-lgcc -plugin-opt=-pass-through=-lgcc_s --sysroot=//duo-sdk/rootfs --eh-frame-hdr -melf64lriscv -export-dynamic -dynamic-linker /lib/ld-musl-riscv64xthead.so.1 -o cmTC_f45ee //duo-sdk/rootfs/usr/lib64/lp64d/crt1.o /duo-sdk/riscv64-linux-musl-x86_64/bin/../lib/gcc/riscv64-unknown-linux-musl/10.2.0/lib64xthead/lp64d/crti.o /duo-sdk/riscv64-linux-musl-x86_64/bin/../lib/gcc/riscv64-unknown-linux-musl/10.2.0/lib64xthead/lp64d/crtbegin.o -L/duo-sdk/riscv64-linux-musl-x86_64/bin/../lib/gcc/riscv64-unknown-linux-musl/10.2.0/lib64xthead/lp64d -L/duo-sdk/riscv64-linux-musl-x86_64/bin/../lib/gcc/riscv64-unknown-linux-musl/10.2.0/../../../../riscv64-unknown-linux-musl/lib/../lib64xthead/lp64d -L/duo-sdk/riscv64-linux-musl-x86_64/bin/../lib/gcc/riscv64-unknown-linux-musl/10.2.0 -L/duo-sdk/riscv64-linux-musl-x86_64/bin/../lib/gcc -L/duo-sdk/riscv64-linux-musl-x86_64/bin/../lib/gcc/riscv64-unknown-linux-musl/10.2.0/../../../../riscv64-unknown-linux-musl/lib -L//duo-sdk/rootfs/lib64/lp64d -L//duo-sdk/rootfs/usr/lib64/lp64d -L//duo-sdk/rootfs/lib -L//duo-sdk/rootfs/usr/lib -lwiringx CMakeFiles/cmTC_f45ee.dir/CMakeCCompilerABI.c.o -lgcc --push-state --as-needed -lgcc_s --pop-state -lc -lgcc --push-state --as-needed -lgcc_s --pop-state /duo-sdk/riscv64-linux-musl-x86_64/bin/../lib/gcc/riscv64-unknown-linux-musl/10.2.0/lib64xthead/lp64d/crtend.o /duo-sdk/riscv64-linux-musl-x86_64/bin/../lib/gcc/riscv64-unknown-linux-musl/10.2.0/lib64xthead/lp64d/crtn.o]
    arg [/duo-sdk/riscv64-linux-musl-x86_64/bin/../libexec/gcc/riscv64-unknown-linux-musl/10.2.0/collect2] ==> ignore
    arg [-plugin] ==> ignore
    arg [/duo-sdk/riscv64-linux-musl-x86_64/bin/../libexec/gcc/riscv64-unknown-linux-musl/10.2.0/liblto_plugin.so] ==> ignore
    arg [-plugin-opt=/duo-sdk/riscv64-linux-musl-x86_64/bin/../libexec/gcc/riscv64-unknown-linux-musl/10.2.0/lto-wrapper] ==> ignore
    arg [-plugin-opt=-fresolution=/tmp/cc7FuxJ3.res] ==> ignore
    arg [-plugin-opt=-pass-through=-lgcc] ==> ignore
    arg [-plugin-opt=-pass-through=-lgcc_s] ==> ignore
    arg [-plugin-opt=-pass-through=-lc] ==> ignore
    arg [-plugin-opt=-pass-through=-lgcc] ==> ignore
    arg [-plugin-opt=-pass-through=-lgcc_s] ==> ignore
    arg [--sysroot=//duo-sdk/rootfs] ==> ignore
    arg [--eh-frame-hdr] ==> ignore
    arg [-melf64lriscv] ==> ignore
    arg [-export-dynamic] ==> ignore
    arg [-dynamic-linker] ==> ignore
    arg [/lib/ld-musl-riscv64xthead.so.1] ==> ignore
    arg [-o] ==> ignore
    arg [cmTC_f45ee] ==> ignore
    arg [//duo-sdk/rootfs/usr/lib64/lp64d/crt1.o] ==> obj [//duo-sdk/rootfs/usr/lib64/lp64d/crt1.o]
    arg [/duo-sdk/riscv64-linux-musl-x86_64/bin/../lib/gcc/riscv64-unknown-linux-musl/10.2.0/lib64xthead/lp64d/crti.o] ==> obj [/duo-sdk/riscv64-linux-musl-x86_64/bin/../lib/gcc/riscv64-unknown-linux-musl/10.2.0/lib64xthead/lp64d/crti.o]
    arg [/duo-sdk/riscv64-linux-musl-x86_64/bin/../lib/gcc/riscv64-unknown-linux-musl/10.2.0/lib64xthead/lp64d/crtbegin.o] ==> obj [/duo-sdk/riscv64-linux-musl-x86_64/bin/../lib/gcc/riscv64-unknown-linux-musl/10.2.0/lib64xthead/lp64d/crtbegin.o]
    arg [-L/duo-sdk/riscv64-linux-musl-x86_64/bin/../lib/gcc/riscv64-unknown-linux-musl/10.2.0/lib64xthead/lp64d] ==> dir [/duo-sdk/riscv64-linux-musl-x86_64/bin/../lib/gcc/riscv64-unknown-linux-musl/10.2.0/lib64xthead/lp64d]
    arg [-L/duo-sdk/riscv64-linux-musl-x86_64/bin/../lib/gcc/riscv64-unknown-linux-musl/10.2.0/../../../../riscv64-unknown-linux-musl/lib/../lib64xthead/lp64d] ==> dir [/duo-sdk/riscv64-linux-musl-x86_64/bin/../lib/gcc/riscv64-unknown-linux-musl/10.2.0/../../../../riscv64-unknown-linux-musl/lib/../lib64xthead/lp64d]
    arg [-L/duo-sdk/riscv64-linux-musl-x86_64/bin/../lib/gcc/riscv64-unknown-linux-musl/10.2.0] ==> dir [/duo-sdk/riscv64-linux-musl-x86_64/bin/../lib/gcc/riscv64-unknown-linux-musl/10.2.0]
    arg [-L/duo-sdk/riscv64-linux-musl-x86_64/bin/../lib/gcc] ==> dir [/duo-sdk/riscv64-linux-musl-x86_64/bin/../lib/gcc]
    arg [-L/duo-sdk/riscv64-linux-musl-x86_64/bin/../lib/gcc/riscv64-unknown-linux-musl/10.2.0/../../../../riscv64-unknown-linux-musl/lib] ==> dir [/duo-sdk/riscv64-linux-musl-x86_64/bin/../lib/gcc/riscv64-unknown-linux-musl/10.2.0/../../../../riscv64-unknown-linux-musl/lib]
    arg [-L//duo-sdk/rootfs/lib64/lp64d] ==> dir [//duo-sdk/rootfs/lib64/lp64d]
    arg [-L//duo-sdk/rootfs/usr/lib64/lp64d] ==> dir [//duo-sdk/rootfs/usr/lib64/lp64d]
    arg [-L//duo-sdk/rootfs/lib] ==> dir [//duo-sdk/rootfs/lib]
    arg [-L//duo-sdk/rootfs/usr/lib] ==> dir [//duo-sdk/rootfs/usr/lib]
    arg [-lwiringx] ==> lib [wiringx]
    arg [CMakeFiles/cmTC_f45ee.dir/CMakeCCompilerABI.c.o] ==> ignore
    arg [-lgcc] ==> lib [gcc]
    arg [--push-state] ==> ignore
    arg [--as-needed] ==> ignore
    arg [-lgcc_s] ==> lib [gcc_s]
    arg [--pop-state] ==> ignore
    arg [-lc] ==> lib [c]
    arg [-lgcc] ==> lib [gcc]
    arg [--push-state] ==> ignore
    arg [--as-needed] ==> ignore
    arg [-lgcc_s] ==> lib [gcc_s]
    arg [--pop-state] ==> ignore
    arg [/duo-sdk/riscv64-linux-musl-x86_64/bin/../lib/gcc/riscv64-unknown-linux-musl/10.2.0/lib64xthead/lp64d/crtend.o] ==> obj [/duo-sdk/riscv64-linux-musl-x86_64/bin/../lib/gcc/riscv64-unknown-linux-musl/10.2.0/lib64xthead/lp64d/crtend.o]
    arg [/duo-sdk/riscv64-linux-musl-x86_64/bin/../lib/gcc/riscv64-unknown-linux-musl/10.2.0/lib64xthead/lp64d/crtn.o] ==> obj [/duo-sdk/riscv64-linux-musl-x86_64/bin/../lib/gcc/riscv64-unknown-linux-musl/10.2.0/lib64xthead/lp64d/crtn.o]
  collapse obj [/duo-sdk/riscv64-linux-musl-x86_64/bin/../lib/gcc/riscv64-unknown-linux-musl/10.2.0/lib64xthead/lp64d/crti.o] ==> [/duo-sdk/riscv64-linux-musl-x86_64/lib/gcc/riscv64-unknown-linux-musl/10.2.0/lib64xthead/lp64d/crti.o]
  collapse obj [/duo-sdk/riscv64-linux-musl-x86_64/bin/../lib/gcc/riscv64-unknown-linux-musl/10.2.0/lib64xthead/lp64d/crtbegin.o] ==> [/duo-sdk/riscv64-linux-musl-x86_64/lib/gcc/riscv64-unknown-linux-musl/10.2.0/lib64xthead/lp64d/crtbegin.o]
  collapse obj [/duo-sdk/riscv64-linux-musl-x86_64/bin/../lib/gcc/riscv64-unknown-linux-musl/10.2.0/lib64xthead/lp64d/crtend.o] ==> [/duo-sdk/riscv64-linux-musl-x86_64/lib/gcc/riscv64-unknown-linux-musl/10.2.0/lib64xthead/lp64d/crtend.o]
  collapse obj [/duo-sdk/riscv64-linux-musl-x86_64/bin/../lib/gcc/riscv64-unknown-linux-musl/10.2.0/lib64xthead/lp64d/crtn.o] ==> [/duo-sdk/riscv64-linux-musl-x86_64/lib/gcc/riscv64-unknown-linux-musl/10.2.0/lib64xthead/lp64d/crtn.o]
  collapse library dir [/duo-sdk/riscv64-linux-musl-x86_64/bin/../lib/gcc/riscv64-unknown-linux-musl/10.2.0/lib64xthead/lp64d] ==> [/duo-sdk/riscv64-linux-musl-x86_64/lib/gcc/riscv64-unknown-linux-musl/10.2.0/lib64xthead/lp64d]
  collapse library dir [/duo-sdk/riscv64-linux-musl-x86_64/bin/../lib/gcc/riscv64-unknown-linux-musl/10.2.0/../../../../riscv64-unknown-linux-musl/lib/../lib64xthead/lp64d] ==> [/duo-sdk/riscv64-linux-musl-x86_64/riscv64-unknown-linux-musl/lib64xthead/lp64d]
  collapse library dir [/duo-sdk/riscv64-linux-musl-x86_64/bin/../lib/gcc/riscv64-unknown-linux-musl/10.2.0] ==> [/duo-sdk/riscv64-linux-musl-x86_64/lib/gcc/riscv64-unknown-linux-musl/10.2.0]
  collapse library dir [/duo-sdk/riscv64-linux-musl-x86_64/bin/../lib/gcc] ==> [/duo-sdk/riscv64-linux-musl-x86_64/lib/gcc]
  collapse library dir [/duo-sdk/riscv64-linux-musl-x86_64/bin/../lib/gcc/riscv64-unknown-linux-musl/10.2.0/../../../../riscv64-unknown-linux-musl/lib] ==> [/duo-sdk/riscv64-linux-musl-x86_64/riscv64-unknown-linux-musl/lib]
  collapse library dir [//duo-sdk/rootfs/lib64/lp64d] ==> [//duo-sdk/rootfs/lib64/lp64d]
  collapse library dir [//duo-sdk/rootfs/usr/lib64/lp64d] ==> [//duo-sdk/rootfs/usr/lib64/lp64d]
  collapse library dir [//duo-sdk/rootfs/lib] ==> [//duo-sdk/rootfs/lib]
  collapse library dir [//duo-sdk/rootfs/usr/lib] ==> [//duo-sdk/rootfs/usr/lib]
  implicit libs: [wiringx;gcc;gcc_s;c;gcc;gcc_s]
  implicit objs: [//duo-sdk/rootfs/usr/lib64/lp64d/crt1.o;/duo-sdk/riscv64-linux-musl-x86_64/lib/gcc/riscv64-unknown-linux-musl/10.2.0/lib64xthead/lp64d/crti.o;/duo-sdk/riscv64-linux-musl-x86_64/lib/gcc/riscv64-unknown-linux-musl/10.2.0/lib64xthead/lp64d/crtbegin.o;/duo-sdk/riscv64-linux-musl-x86_64/lib/gcc/riscv64-unknown-linux-musl/10.2.0/lib64xthead/lp64d/crtend.o;/duo-sdk/riscv64-linux-musl-x86_64/lib/gcc/riscv64-unknown-linux-musl/10.2.0/lib64xthead/lp64d/crtn.o]
  implicit dirs: [/duo-sdk/riscv64-linux-musl-x86_64/lib/gcc/riscv64-unknown-linux-musl/10.2.0/lib64xthead/lp64d;/duo-sdk/riscv64-linux-musl-x86_64/riscv64-unknown-linux-musl/lib64xthead/lp64d;/duo-sdk/riscv64-linux-musl-x86_64/lib/gcc/riscv64-unknown-linux-musl/10.2.0;/duo-sdk/riscv64-linux-musl-x86_64/lib/gcc;/duo-sdk/riscv64-linux-musl-x86_64/riscv64-unknown-linux-musl/lib;//duo-sdk/rootfs/lib64/lp64d;//duo-sdk/rootfs/usr/lib64/lp64d;//duo-sdk/rootfs/lib;//duo-sdk/rootfs/usr/lib]
  implicit fwks: []


Performing C SOURCE FILE Test FLAG_SUPPORTED_stdc89 succeeded with the following output:
Change Dir: /app/build/CMakeFiles/CMakeTmp

Run Build Command(s):/usr/bin/gmake -f Makefile cmTC_dc0fd/fast && /usr/bin/gmake  -f CMakeFiles/cmTC_dc0fd.dir/build.make CMakeFiles/cmTC_dc0fd.dir/build
gmake[1]: Entering directory '/app/build/CMakeFiles/CMakeTmp'
Building C object CMakeFiles/cmTC_dc0fd.dir/src.c.o
//duo-sdk/riscv64-linux-musl-x86_64/bin/riscv64-unknown-linux-musl-gcc --sysroot=//duo-sdk/rootfs -DFLAG_SUPPORTED_stdc89 -I/app/install_cv1800b_mqtt/include -I/app/install_cv1800b_cjson/include -std=c89 -o CMakeFiles/cmTC_dc0fd.dir/src.c.o -c /app/build/CMakeFiles/CMakeTmp/src.c
Linking C executable cmTC_dc0fd
/usr/bin/cmake -E cmake_link_script CMakeFiles/cmTC_dc0fd.dir/link.txt --verbose=1
//duo-sdk/riscv64-linux-musl-x86_64/bin/riscv64-unknown-linux-musl-gcc --sysroot=//duo-sdk/rootfs  -lwiringx  -rdynamic CMakeFiles/cmTC_dc0fd.dir/src.c.o -o cmTC_dc0fd 
gmake[1]: Leaving directory '/app/build/CMakeFiles/CMakeTmp'


Source file was:
int main(void) { return 0; }
Performing C SOURCE FILE Test FLAG_SUPPORTED_pedantic succeeded with the following output:
Change Dir: /app/build/CMakeFiles/CMakeTmp

Run Build Command(s):/usr/bin/gmake -f Makefile cmTC_c0615/fast && /usr/bin/gmake  -f CMakeFiles/cmTC_c0615.dir/build.make CMakeFiles/cmTC_c0615.dir/build
gmake[1]: Entering directory '/app/build/CMakeFiles/CMakeTmp'
Building C object CMakeFiles/cmTC_c0615.dir/src.c.o
//duo-sdk/riscv64-linux-musl-x86_64/bin/riscv64-unknown-linux-musl-gcc --sysroot=//duo-sdk/rootfs -DFLAG_SUPPORTED_pedantic -I/app/install_cv1800b_mqtt/include -I/app/install_cv1800b_cjson/include -std=c89    -pedantic -o CMakeFiles/cmTC_c0615.dir/src.c.o -c /app/build/CMakeFiles/CMakeTmp/src.c
Linking C executable cmTC_c0615
/usr/bin/cmake -E cmake_link_script CMakeFiles/cmTC_c0615.dir/link.txt --verbose=1
//duo-sdk/riscv64-linux-musl-x86_64/bin/riscv64-unknown-linux-musl-gcc --sysroot=//duo-sdk/rootfs  -std=c89   -lwiringx  -rdynamic CMakeFiles/cmTC_c0615.dir/src.c.o -o cmTC_c0615 
gmake[1]: Leaving directory '/app/build/CMakeFiles/CMakeTmp'


Source file was:
int main(void) { return 0; }
Performing C SOURCE FILE Test FLAG_SUPPORTED_Wall succeeded with the following output:
Change Dir: /app/build/CMakeFiles/CMakeTmp

Run Build Command(s):/usr/bin/gmake -f Makefile cmTC_d3e20/fast && /usr/bin/gmake  -f CMakeFiles/cmTC_d3e20.dir/build.make CMakeFiles/cmTC_d3e20.dir/build
gmake[1]: Entering directory '/app/build/CMakeFiles/CMakeTmp'
Building C object CMakeFiles/cmTC_d3e20.dir/src.c.o
//duo-sdk/riscv64-linux-musl-x86_64/bin/riscv64-unknown-linux-musl-gcc --sysroot=//duo-sdk/rootfs -DFLAG_SUPPORTED_Wall -I/app/install_cv1800b_mqtt/include -I/app/install_cv1800b_cjson/include -std=c89 -pedantic    -Wall -o CMakeFiles/cmTC_d3e20.dir/src.c.o -c /app/build/CMakeFiles/CMakeTmp/src.c
Linking C executable cmTC_d3e20
/usr/bin/cmake -E cmake_link_script CMakeFiles/cmTC_d3e20.dir/link.txt --verbose=1
//duo-sdk/riscv64-linux-musl-x86_64/bin/riscv64-unknown-linux-musl-gcc --sysroot=//duo-sdk/rootfs  -std=c89 -pedantic   -lwiringx  -rdynamic CMakeFiles/cmTC_d3e20.dir/src.c.o -o cmTC_d3e20 
gmake[1]: Leaving directory '/app/build/CMakeFiles/CMakeTmp'


Source file was:
int main(void) { return 0; }
Performing C SOURCE FILE Test FLAG_SUPPORTED_Wextra succeeded with the following output:
Change Dir: /app/build/CMakeFiles/CMakeTmp

Run Build Command(s):/usr/bin/gmake -f Makefile cmTC_9ed64/fast && /usr/bin/gmake  -f CMakeFiles/cmTC_9ed64.dir/build.make CMakeFiles/cmTC_9ed64.dir/build
gmake[1]: Entering directory '/app/build/CMakeFiles/CMakeTmp'
Building C object CMakeFiles/cmTC_9ed64.dir/src.c.o
//duo-sdk/riscv64-linux-musl-x86_64/bin/riscv64-unknown-linux-musl-gcc --sysroot=//duo-sdk/rootfs -DFLAG_SUPPORTED_Wextra -I/app/install_cv1800b_mqtt/include -I/app/install_cv1800b_cjson/include -std=c89 -pedantic -Wall    -Wextra -o CMakeFiles/cmTC_9ed64.dir/src.c.o -c /app/build/CMakeFiles/CMakeTmp/src.c
Linking C executable cmTC_9ed64
/usr/bin/cmake -E cmake_link_script CMakeFiles/cmTC_9ed64.dir/link.txt --verbose=1
//duo-sdk/riscv64-linux-musl-x86_64/bin/riscv64-unknown-linux-musl-gcc --sysroot=//duo-sdk/rootfs  -std=c89 -pedantic -Wall   -lwiringx  -rdynamic CMakeFiles/cmTC_9ed64.dir/src.c.o -o cmTC_9ed64 
gmake[1]: Leaving directory '/app/build/CMakeFiles/CMakeTmp'


Source file was:
int main(void) { return 0; }
Performing C SOURCE FILE Test FLAG_SUPPORTED_Werror succeeded with the following output:
Change Dir: /app/build/CMakeFiles/CMakeTmp

Run Build Command(s):/usr/bin/gmake -f Makefile cmTC_5ae2d/fast && /usr/bin/gmake  -f CMakeFiles/cmTC_5ae2d.dir/build.make CMakeFiles/cmTC_5ae2d.dir/build
gmake[1]: Entering directory '/app/build/CMakeFiles/CMakeTmp'
Building C object CMakeFiles/cmTC_5ae2d.dir/src.c.o
//duo-sdk/riscv64-linux-musl-x86_64/bin/riscv64-unknown-linux-musl-gcc --sysroot=//duo-sdk/rootfs -DFLAG_SUPPORTED_Werror -I/app/install_cv1800b_mqtt/include -I/app/install_cv1800b_cjson/include -std=c89 -pedantic -Wall -Wextra    -Werror -o CMakeFiles/cmTC_5ae2d.dir/src.c.o -c /app/build/CMakeFiles/CMakeTmp/src.c
Linking C executable cmTC_5ae2d
/usr/bin/cmake -E cmake_link_script CMakeFiles/cmTC_5ae2d.dir/link.txt --verbose=1
//duo-sdk/riscv64-linux-musl-x86_64/bin/riscv64-unknown-linux-musl-gcc --sysroot=//duo-sdk/rootfs  -std=c89 -pedantic -Wall -Wextra   -lwiringx  -rdynamic CMakeFiles/cmTC_5ae2d.dir/src.c.o -o cmTC_5ae2d 
gmake[1]: Leaving directory '/app/build/CMakeFiles/CMakeTmp'


Source file was:
int main(void) { return 0; }
Performing C SOURCE FILE Test FLAG_SUPPORTED_Wstrictprototypes succeeded with the following output:
Change Dir: /app/build/CMakeFiles/CMakeTmp

Run Build Command(s):/usr/bin/gmake -f Makefile cmTC_0458c/fast && /usr/bin/gmake  -f CMakeFiles/cmTC_0458c.dir/build.make CMakeFiles/cmTC_0458c.dir/build
gmake[1]: Entering directory '/app/build/CMakeFiles/CMakeTmp'
Building C object CMakeFiles/cmTC_0458c.dir/src.c.o
//duo-sdk/riscv64-linux-musl-x86_64/bin/riscv64-unknown-linux-musl-gcc --sysroot=//duo-sdk/rootfs -DFLAG_SUPPORTED_Wstrictprototypes -I/app/install_cv1800b_mqtt/include -I/app/install_cv1800b_cjson/include -std=c89 -pedantic -Wall -Wextra -Werror    -Wstrict-prototypes -o CMakeFiles/cmTC_0458c.dir/src.c.o -c /app/build/CMakeFiles/CMakeTmp/src.c
Linking C executable cmTC_0458c
/usr/bin/cmake -E cmake_link_script CMakeFiles/cmTC_0458c.dir/link.txt --verbose=1
//duo-sdk/riscv64-linux-musl-x86_64/bin/riscv64-unknown-linux-musl-gcc --sysroot=//duo-sdk/rootfs  -std=c89 -pedantic -Wall -Wextra -Werror   -lwiringx  -rdynamic CMakeFiles/cmTC_0458c.dir/src.c.o -o cmTC_0458c 
gmake[1]: Leaving directory '/app/build/CMakeFiles/CMakeTmp'


Source file was:
int main(void) { return 0; }
Performing C SOURCE FILE Test FLAG_SUPPORTED_Wwritestrings succeeded with the following output:
Change Dir: /app/build/CMakeFiles/CMakeTmp

Run Build Command(s):/usr/bin/gmake -f Makefile cmTC_00fa7/fast && /usr/bin/gmake  -f CMakeFiles/cmTC_00fa7.dir/build.make CMakeFiles/cmTC_00fa7.dir/build
gmake[1]: Entering directory '/app/build/CMakeFiles/CMakeTmp'
Building C object CMakeFiles/cmTC_00fa7.dir/src.c.o
//duo-sdk/riscv64-linux-musl-x86_64/bin/riscv64-unknown-linux-musl-gcc --sysroot=//duo-sdk/rootfs -DFLAG_SUPPORTED_Wwritestrings -I/app/install_cv1800b_mqtt/include -I/app/install_cv1800b_cjson/include -std=c89 -pedantic -Wall -Wextra -Werror -Wstrict-prototypes    -Wwrite-strings -o CMakeFiles/cmTC_00fa7.dir/src.c.o -c /app/build/CMakeFiles/CMakeTmp/src.c
Linking C executable cmTC_00fa7
/usr/bin/cmake -E cmake_link_script CMakeFiles/cmTC_00fa7.dir/link.txt --verbose=1
//duo-sdk/riscv64-linux-musl-x86_64/bin/riscv64-unknown-linux-musl-gcc --sysroot=//duo-sdk/rootfs  -std=c89 -pedantic -Wall -Wextra -Werror -Wstrict-prototypes   -lwiringx  -rdynamic CMakeFiles/cmTC_00fa7.dir/src.c.o -o cmTC_00fa7 
gmake[1]: Leaving directory '/app/build/CMakeFiles/CMakeTmp'


Source file was:
int main(void) { return 0; }
Performing C SOURCE FILE Test FLAG_SUPPORTED_Wshadow succeeded with the following output:
Change Dir: /app/build/CMakeFiles/CMakeTmp

Run Build Command(s):/usr/bin/gmake -f Makefile cmTC_ff312/fast && /usr/bin/gmake  -f CMakeFiles/cmTC_ff312.dir/build.make CMakeFiles/cmTC_ff312.dir/build
gmake[1]: Entering directory '/app/build/CMakeFiles/CMakeTmp'
Building C object CMakeFiles/cmTC_ff312.dir/src.c.o
//duo-sdk/riscv64-linux-musl-x86_64/bin/riscv64-unknown-linux-musl-gcc --sysroot=//duo-sdk/rootfs -DFLAG_SUPPORTED_Wshadow -I/app/install_cv1800b_mqtt/include -I/app/install_cv1800b_cjson/include -std=c89 -pedantic -Wall -Wextra -Werror -Wstrict-prototypes -Wwrite-strings    -Wshadow -o CMakeFiles/cmTC_ff312.dir/src.c.o -c /app/build/CMakeFiles/CMakeTmp/src.c
Linking C executable cmTC_ff312
/usr/bin/cmake -E cmake_link_script CMakeFiles/cmTC_ff312.dir/link.txt --verbose=1
//duo-sdk/riscv64-linux-musl-x86_64/bin/riscv64-unknown-linux-musl-gcc --sysroot=//duo-sdk/rootfs  -std=c89 -pedantic -Wall -Wextra -Werror -Wstrict-prototypes -Wwrite-strings   -lwiringx  -rdynamic CMakeFiles/cmTC_ff312.dir/src.c.o -o cmTC_ff312 
gmake[1]: Leaving directory '/app/build/CMakeFiles/CMakeTmp'


Source file was:
int main(void) { return 0; }
Performing C SOURCE FILE Test FLAG_SUPPORTED_Winitself succeeded with the following output:
Change Dir: /app/build/CMakeFiles/CMakeTmp

Run Build Command(s):/usr/bin/gmake -f Makefile cmTC_388d7/fast && /usr/bin/gmake  -f CMakeFiles/cmTC_388d7.dir/build.make CMakeFiles/cmTC_388d7.dir/build
gmake[1]: Entering directory '/app/build/CMakeFiles/CMakeTmp'
Building C object CMakeFiles/cmTC_388d7.dir/src.c.o
//duo-sdk/riscv64-linux-musl-x86_64/bin/riscv64-unknown-linux-musl-gcc --sysroot=//duo-sdk/rootfs -DFLAG_SUPPORTED_Winitself -I/app/install_cv1800b_mqtt/include -I/app/install_cv1800b_cjson/include -std=c89 -pedantic -Wall -Wextra -Werror -Wstrict-prototypes -Wwrite-strings -Wshadow    -Winit-self -o CMakeFiles/cmTC_388d7.dir/src.c.o -c /app/build/CMakeFiles/CMakeTmp/src.c
Linking C executable cmTC_388d7
/usr/bin/cmake -E cmake_link_script CMakeFiles/cmTC_388d7.dir/link.txt --verbose=1
//duo-sdk/riscv64-linux-musl-x86_64/bin/riscv64-unknown-linux-musl-gcc --sysroot=//duo-sdk/rootfs  -std=c89 -pedantic -Wall -Wextra -Werror -Wstrict-prototypes -Wwrite-strings -Wshadow   -lwiringx  -rdynamic CMakeFiles/cmTC_388d7.dir/src.c.o -o cmTC_388d7 
gmake[1]: Leaving directory '/app/build/CMakeFiles/CMakeTmp'


Source file was:
int main(void) { return 0; }
Performing C SOURCE FILE Test FLAG_SUPPORTED_Wcastalign succeeded with the following output:
Change Dir: /app/build/CMakeFiles/CMakeTmp

Run Build Command(s):/usr/bin/gmake -f Makefile cmTC_e46a5/fast && /usr/bin/gmake  -f CMakeFiles/cmTC_e46a5.dir/build.make CMakeFiles/cmTC_e46a5.dir/build
gmake[1]: Entering directory '/app/build/CMakeFiles/CMakeTmp'
Building C object CMakeFiles/cmTC_e46a5.dir/src.c.o
//duo-sdk/riscv64-linux-musl-x86_64/bin/riscv64-unknown-linux-musl-gcc --sysroot=//duo-sdk/rootfs -DFLAG_SUPPORTED_Wcastalign -I/app/install_cv1800b_mqtt/include -I/app/install_cv1800b_cjson/include -std=c89 -pedantic -Wall -Wextra -Werror -Wstrict-prototypes -Wwrite-strings -Wshadow -Winit-self    -Wcast-align -o CMakeFiles/cmTC_e46a5.dir/src.c.o -c /app/build/CMakeFiles/CMakeTmp/src.c
Linking C executable cmTC_e46a5
/usr/bin/cmake -E cmake_link_script CMakeFiles/cmTC_e46a5.dir/link.txt --verbose=1
//duo-sdk/riscv64-linux-musl-x86_64/bin/riscv64-unknown-linux-musl-gcc --sysroot=//duo-sdk/rootfs  -std=c89 -pedantic -Wall -Wextra -Werror -Wstrict-prototypes -Wwrite-strings -Wshadow -Winit-self   -lwiringx  -rdynamic CMakeFiles/cmTC_e46a5.dir/src.c.o -o cmTC_e46a5 
gmake[1]: Leaving directory '/app/build/CMakeFiles/CMakeTmp'


Source file was:
int main(void) { return 0; }
Performing C SOURCE FILE Test FLAG_SUPPORTED_Wformat2 succeeded with the following output:
Change Dir: /app/build/CMakeFiles/CMakeTmp

Run Build Command(s):/usr/bin/gmake -f Makefile cmTC_5c461/fast && /usr/bin/gmake  -f CMakeFiles/cmTC_5c461.dir/build.make CMakeFiles/cmTC_5c461.dir/build
gmake[1]: Entering directory '/app/build/CMakeFiles/CMakeTmp'
Building C object CMakeFiles/cmTC_5c461.dir/src.c.o
//duo-sdk/riscv64-linux-musl-x86_64/bin/riscv64-unknown-linux-musl-gcc --sysroot=//duo-sdk/rootfs -DFLAG_SUPPORTED_Wformat2 -I/app/install_cv1800b_mqtt/include -I/app/install_cv1800b_cjson/include -std=c89 -pedantic -Wall -Wextra -Werror -Wstrict-prototypes -Wwrite-strings -Wshadow -Winit-self -Wcast-align    -Wformat=2 -o CMakeFiles/cmTC_5c461.dir/src.c.o -c /app/build/CMakeFiles/CMakeTmp/src.c
Linking C executable cmTC_5c461
/usr/bin/cmake -E cmake_link_script CMakeFiles/cmTC_5c461.dir/link.txt --verbose=1
//duo-sdk/riscv64-linux-musl-x86_64/bin/riscv64-unknown-linux-musl-gcc --sysroot=//duo-sdk/rootfs  -std=c89 -pedantic -Wall -Wextra -Werror -Wstrict-prototypes -Wwrite-strings -Wshadow -Winit-self -Wcast-align   -lwiringx  -rdynamic CMakeFiles/cmTC_5c461.dir/src.c.o -o cmTC_5c461 
gmake[1]: Leaving directory '/app/build/CMakeFiles/CMakeTmp'


Source file was:
int main(void) { return 0; }
Performing C SOURCE FILE Test FLAG_SUPPORTED_Wmissingprototypes succeeded with the following output:
Change Dir: /app/build/CMakeFiles/CMakeTmp

Run Build Command(s):/usr/bin/gmake -f Makefile cmTC_b486d/fast && /usr/bin/gmake  -f CMakeFiles/cmTC_b486d.dir/build.make CMakeFiles/cmTC_b486d.dir/build
gmake[1]: Entering directory '/app/build/CMakeFiles/CMakeTmp'
Building C object CMakeFiles/cmTC_b486d.dir/src.c.o
//duo-sdk/riscv64-linux-musl-x86_64/bin/riscv64-unknown-linux-musl-gcc --sysroot=//duo-sdk/rootfs -DFLAG_SUPPORTED_Wmissingprototypes -I/app/install_cv1800b_mqtt/include -I/app/install_cv1800b_cjson/include -std=c89 -pedantic -Wall -Wextra -Werror -Wstrict-prototypes -Wwrite-strings -Wshadow -Winit-self -Wcast-align -Wformat=2    -Wmissing-prototypes -o CMakeFiles/cmTC_b486d.dir/src.c.o -c /app/build/CMakeFiles/CMakeTmp/src.c
Linking C executable cmTC_b486d
/usr/bin/cmake -E cmake_link_script CMakeFiles/cmTC_b486d.dir/link.txt --verbose=1
//duo-sdk/riscv64-linux-musl-x86_64/bin/riscv64-unknown-linux-musl-gcc --sysroot=//duo-sdk/rootfs  -std=c89 -pedantic -Wall -Wextra -Werror -Wstrict-prototypes -Wwrite-strings -Wshadow -Winit-self -Wcast-align -Wformat=2   -lwiringx  -rdynamic CMakeFiles/cmTC_b486d.dir/src.c.o -o cmTC_b486d 
gmake[1]: Leaving directory '/app/build/CMakeFiles/CMakeTmp'


Source file was:
int main(void) { return 0; }
Performing C SOURCE FILE Test FLAG_SUPPORTED_Wstrictoverflow2 succeeded with the following output:
Change Dir: /app/build/CMakeFiles/CMakeTmp

Run Build Command(s):/usr/bin/gmake -f Makefile cmTC_14d4e/fast && /usr/bin/gmake  -f CMakeFiles/cmTC_14d4e.dir/build.make CMakeFiles/cmTC_14d4e.dir/build
gmake[1]: Entering directory '/app/build/CMakeFiles/CMakeTmp'
Building C object CMakeFiles/cmTC_14d4e.dir/src.c.o
//duo-sdk/riscv64-linux-musl-x86_64/bin/riscv64-unknown-linux-musl-gcc --sysroot=//duo-sdk/rootfs -DFLAG_SUPPORTED_Wstrictoverflow2 -I/app/install_cv1800b_mqtt/include -I/app/install_cv1800b_cjson/include -std=c89 -pedantic -Wall -Wextra -Werror -Wstrict-prototypes -Wwrite-strings -Wshadow -Winit-self -Wcast-align -Wformat=2 -Wmissing-prototypes    -Wstrict-overflow=2 -o CMakeFiles/cmTC_14d4e.dir/src.c.o -c /app/build/CMakeFiles/CMakeTmp/src.c
Linking C executable cmTC_14d4e
/usr/bin/cmake -E cmake_link_script CMakeFiles/cmTC_14d4e.dir/link.txt --verbose=1
//duo-sdk/riscv64-linux-musl-x86_64/bin/riscv64-unknown-linux-musl-gcc --sysroot=//duo-sdk/rootfs  -std=c89 -pedantic -Wall -Wextra -Werror -Wstrict-prototypes -Wwrite-strings -Wshadow -Winit-self -Wcast-align -Wformat=2 -Wmissing-prototypes   -lwiringx  -rdynamic CMakeFiles/cmTC_14d4e.dir/src.c.o -o cmTC_14d4e 
gmake[1]: Leaving directory '/app/build/CMakeFiles/CMakeTmp'


Source file was:
int main(void) { return 0; }
Performing C SOURCE FILE Test FLAG_SUPPORTED_Wcastqual succeeded with the following output:
Change Dir: /app/build/CMakeFiles/CMakeTmp

Run Build Command(s):/usr/bin/gmake -f Makefile cmTC_fe57d/fast && /usr/bin/gmake  -f CMakeFiles/cmTC_fe57d.dir/build.make CMakeFiles/cmTC_fe57d.dir/build
gmake[1]: Entering directory '/app/build/CMakeFiles/CMakeTmp'
Building C object CMakeFiles/cmTC_fe57d.dir/src.c.o
//duo-sdk/riscv64-linux-musl-x86_64/bin/riscv64-unknown-linux-musl-gcc --sysroot=//duo-sdk/rootfs -DFLAG_SUPPORTED_Wcastqual -I/app/install_cv1800b_mqtt/include -I/app/install_cv1800b_cjson/include -std=c89 -pedantic -Wall -Wextra -Werror -Wstrict-prototypes -Wwrite-strings -Wshadow -Winit-self -Wcast-align -Wformat=2 -Wmissing-prototypes -Wstrict-overflow=2    -Wcast-qual -o CMakeFiles/cmTC_fe57d.dir/src.c.o -c /app/build/CMakeFiles/CMakeTmp/src.c
Linking C executable cmTC_fe57d
/usr/bin/cmake -E cmake_link_script CMakeFiles/cmTC_fe57d.dir/link.txt --verbose=1
//duo-sdk/riscv64-linux-musl-x86_64/bin/riscv64-unknown-linux-musl-gcc --sysroot=//duo-sdk/rootfs  -std=c89 -pedantic -Wall -Wextra -Werror -Wstrict-prototypes -Wwrite-strings -Wshadow -Winit-self -Wcast-align -Wformat=2 -Wmissing-prototypes -Wstrict-overflow=2   -lwiringx  -rdynamic CMakeFiles/cmTC_fe57d.dir/src.c.o -o cmTC_fe57d 
gmake[1]: Leaving directory '/app/build/CMakeFiles/CMakeTmp'


Source file was:
int main(void) { return 0; }
Performing C SOURCE FILE Test FLAG_SUPPORTED_Wundef succeeded with the following output:
Change Dir: /app/build/CMakeFiles/CMakeTmp

Run Build Command(s):/usr/bin/gmake -f Makefile cmTC_df09c/fast && /usr/bin/gmake  -f CMakeFiles/cmTC_df09c.dir/build.make CMakeFiles/cmTC_df09c.dir/build
gmake[1]: Entering directory '/app/build/CMakeFiles/CMakeTmp'
Building C object CMakeFiles/cmTC_df09c.dir/src.c.o
//duo-sdk/riscv64-linux-musl-x86_64/bin/riscv64-unknown-linux-musl-gcc --sysroot=//duo-sdk/rootfs -DFLAG_SUPPORTED_Wundef -I/app/install_cv1800b_mqtt/include -I/app/install_cv1800b_cjson/include -std=c89 -pedantic -Wall -Wextra -Werror -Wstrict-prototypes -Wwrite-strings -Wshadow -Winit-self -Wcast-align -Wformat=2 -Wmissing-prototypes -Wstrict-overflow=2 -Wcast-qual    -Wundef -o CMakeFiles/cmTC_df09c.dir/src.c.o -c /app/build/CMakeFiles/CMakeTmp/src.c
Linking C executable cmTC_df09c
/usr/bin/cmake -E cmake_link_script CMakeFiles/cmTC_df09c.dir/link.txt --verbose=1
//duo-sdk/riscv64-linux-musl-x86_64/bin/riscv64-unknown-linux-musl-gcc --sysroot=//duo-sdk/rootfs  -std=c89 -pedantic -Wall -Wextra -Werror -Wstrict-prototypes -Wwrite-strings -Wshadow -Winit-self -Wcast-align -Wformat=2 -Wmissing-prototypes -Wstrict-overflow=2 -Wcast-qual   -lwiringx  -rdynamic CMakeFiles/cmTC_df09c.dir/src.c.o -o cmTC_df09c 
gmake[1]: Leaving directory '/app/build/CMakeFiles/CMakeTmp'


Source file was:
int main(void) { return 0; }
Performing C SOURCE FILE Test FLAG_SUPPORTED_Wswitchdefault succeeded with the following output:
Change Dir: /app/build/CMakeFiles/CMakeTmp

Run Build Command(s):/usr/bin/gmake -f Makefile cmTC_224f0/fast && /usr/bin/gmake  -f CMakeFiles/cmTC_224f0.dir/build.make CMakeFiles/cmTC_224f0.dir/build
gmake[1]: Entering directory '/app/build/CMakeFiles/CMakeTmp'
Building C object CMakeFiles/cmTC_224f0.dir/src.c.o
//duo-sdk/riscv64-linux-musl-x86_64/bin/riscv64-unknown-linux-musl-gcc --sysroot=//duo-sdk/rootfs -DFLAG_SUPPORTED_Wswitchdefault -I/app/install_cv1800b_mqtt/include -I/app/install_cv1800b_cjson/include -std=c89 -pedantic -Wall -Wextra -Werror -Wstrict-prototypes -Wwrite-strings -Wshadow -Winit-self -Wcast-align -Wformat=2 -Wmissing-prototypes -Wstrict-overflow=2 -Wcast-qual -Wundef    -Wswitch-default -o CMakeFiles/cmTC_224f0.dir/src.c.o -c /app/build/CMakeFiles/CMakeTmp/src.c
Linking C executable cmTC_224f0
/usr/bin/cmake -E cmake_link_script CMakeFiles/cmTC_224f0.dir/link.txt --verbose=1
//duo-sdk/riscv64-linux-musl-x86_64/bin/riscv64-unknown-linux-musl-gcc --sysroot=//duo-sdk/rootfs  -std=c89 -pedantic -Wall -Wextra -Werror -Wstrict-prototypes -Wwrite-strings -Wshadow -Winit-self -Wcast-align -Wformat=2 -Wmissing-prototypes -Wstrict-overflow=2 -Wcast-qual -Wundef   -lwiringx  -rdynamic CMakeFiles/cmTC_224f0.dir/src.c.o -o cmTC_224f0 
gmake[1]: Leaving directory '/app/build/CMakeFiles/CMakeTmp'


Source file was:
int main(void) { return 0; }
Performing C SOURCE FILE Test FLAG_SUPPORTED_Wconversion succeeded with the following output:
Change Dir: /app/build/CMakeFiles/CMakeTmp

Run Build Command(s):/usr/bin/gmake -f Makefile cmTC_a373a/fast && /usr/bin/gmake  -f CMakeFiles/cmTC_a373a.dir/build.make CMakeFiles/cmTC_a373a.dir/build
gmake[1]: Entering directory '/app/build/CMakeFiles/CMakeTmp'
Building C object CMakeFiles/cmTC_a373a.dir/src.c.o
//duo-sdk/riscv64-linux-musl-x86_64/bin/riscv64-unknown-linux-musl-gcc --sysroot=//duo-sdk/rootfs -DFLAG_SUPPORTED_Wconversion -I/app/install_cv1800b_mqtt/include -I/app/install_cv1800b_cjson/include -std=c89 -pedantic -Wall -Wextra -Werror -Wstrict-prototypes -Wwrite-strings -Wshadow -Winit-self -Wcast-align -Wformat=2 -Wmissing-prototypes -Wstrict-overflow=2 -Wcast-qual -Wundef -Wswitch-default    -Wconversion -o CMakeFiles/cmTC_a373a.dir/src.c.o -c /app/build/CMakeFiles/CMakeTmp/src.c
Linking C executable cmTC_a373a
/usr/bin/cmake -E cmake_link_script CMakeFiles/cmTC_a373a.dir/link.txt --verbose=1
//duo-sdk/riscv64-linux-musl-x86_64/bin/riscv64-unknown-linux-musl-gcc --sysroot=//duo-sdk/rootfs  -std=c89 -pedantic -Wall -Wextra -Werror -Wstrict-prototypes -Wwrite-strings -Wshadow -Winit-self -Wcast-align -Wformat=2 -Wmissing-prototypes -Wstrict-overflow=2 -Wcast-qual -Wundef -Wswitch-default   -lwiringx  -rdynamic CMakeFiles/cmTC_a373a.dir/src.c.o -o cmTC_a373a 
gmake[1]: Leaving directory '/app/build/CMakeFiles/CMakeTmp'


Source file was:
int main(void) { return 0; }
Performing C SOURCE FILE Test FLAG_SUPPORTED_Wccompat succeeded with the following output:
Change Dir: /app/build/CMakeFiles/CMakeTmp

Run Build Command(s):/usr/bin/gmake -f Makefile cmTC_0a42a/fast && /usr/bin/gmake  -f CMakeFiles/cmTC_0a42a.dir/build.make CMakeFiles/cmTC_0a42a.dir/build
gmake[1]: Entering directory '/app/build/CMakeFiles/CMakeTmp'
Building C object CMakeFiles/cmTC_0a42a.dir/src.c.o
//duo-sdk/riscv64-linux-musl-x86_64/bin/riscv64-unknown-linux-musl-gcc --sysroot=//duo-sdk/rootfs -DFLAG_SUPPORTED_Wccompat -I/app/install_cv1800b_mqtt/include -I/app/install_cv1800b_cjson/include -std=c89 -pedantic -Wall -Wextra -Werror -Wstrict-prototypes -Wwrite-strings -Wshadow -Winit-self -Wcast-align -Wformat=2 -Wmissing-prototypes -Wstrict-overflow=2 -Wcast-qual -Wundef -Wswitch-default -Wconversion    -Wc++-compat -o CMakeFiles/cmTC_0a42a.dir/src.c.o -c /app/build/CMakeFiles/CMakeTmp/src.c
Linking C executable cmTC_0a42a
/usr/bin/cmake -E cmake_link_script CMakeFiles/cmTC_0a42a.dir/link.txt --verbose=1
//duo-sdk/riscv64-linux-musl-x86_64/bin/riscv64-unknown-linux-musl-gcc --sysroot=//duo-sdk/rootfs  -std=c89 -pedantic -Wall -Wextra -Werror -Wstrict-prototypes -Wwrite-strings -Wshadow -Winit-self -Wcast-align -Wformat=2 -Wmissing-prototypes -Wstrict-overflow=2 -Wcast-qual -Wundef -Wswitch-default -Wconversion   -lwiringx  -rdynamic CMakeFiles/cmTC_0a42a.dir/src.c.o -o cmTC_0a42a 
gmake[1]: Leaving directory '/app/build/CMakeFiles/CMakeTmp'


Source file was:
int main(void) { return 0; }
Performing C SOURCE FILE Test FLAG_SUPPORTED_fstackprotectorstrong succeeded with the following output:
Change Dir: /app/build/CMakeFiles/CMakeTmp

Run Build Command(s):/usr/bin/gmake -f Makefile cmTC_2c230/fast && /usr/bin/gmake  -f CMakeFiles/cmTC_2c230.dir/build.make CMakeFiles/cmTC_2c230.dir/build
gmake[1]: Entering directory '/app/build/CMakeFiles/CMakeTmp'
Building C object CMakeFiles/cmTC_2c230.dir/src.c.o
//duo-sdk/riscv64-linux-musl-x86_64/bin/riscv64-unknown-linux-musl-gcc --sysroot=//duo-sdk/rootfs -DFLAG_SUPPORTED_fstackprotectorstrong -I/app/install_cv1800b_mqtt/include -I/app/install_cv1800b_cjson/include -std=c89 -pedantic -Wall -Wextra -Werror -Wstrict-prototypes -Wwrite-strings -Wshadow -Winit-self -Wcast-align -Wformat=2 -Wmissing-prototypes -Wstrict-overflow=2 -Wcast-qual -Wundef -Wswitch-default -Wconversion -Wc++-compat    -fstack-protector-strong -o CMakeFiles/cmTC_2c230.dir/src.c.o -c /app/build/CMakeFiles/CMakeTmp/src.c
Linking C executable cmTC_2c230
/usr/bin/cmake -E cmake_link_script CMakeFiles/cmTC_2c230.dir/link.txt --verbose=1
//duo-sdk/riscv64-linux-musl-x86_64/bin/riscv64-unknown-linux-musl-gcc --sysroot=//duo-sdk/rootfs  -std=c89 -pedantic -Wall -Wextra -Werror -Wstrict-prototypes -Wwrite-strings -Wshadow -Winit-self -Wcast-align -Wformat=2 -Wmissing-prototypes -Wstrict-overflow=2 -Wcast-qual -Wundef -Wswitch-default -Wconversion -Wc++-compat   -lwiringx  -rdynamic CMakeFiles/cmTC_2c230.dir/src.c.o -o cmTC_2c230 
gmake[1]: Leaving directory '/app/build/CMakeFiles/CMakeTmp'


Source file was:
int main(void) { return 0; }
Performing C SOURCE FILE Test FLAG_SUPPORTED_Wdoublepromotion succeeded with the following output:
Change Dir: /app/build/CMakeFiles/CMakeTmp

Run Build Command(s):/usr/bin/gmake -f Makefile cmTC_ed179/fast && /usr/bin/gmake  -f CMakeFiles/cmTC_ed179.dir/build.make CMakeFiles/cmTC_ed179.dir/build
gmake[1]: Entering directory '/app/build/CMakeFiles/CMakeTmp'
Building C object CMakeFiles/cmTC_ed179.dir/src.c.o
//duo-sdk/riscv64-linux-musl-x86_64/bin/riscv64-unknown-linux-musl-gcc --sysroot=//duo-sdk/rootfs -DFLAG_SUPPORTED_Wdoublepromotion -I/app/install_cv1800b_mqtt/include -I/app/install_cv1800b_cjson/include -std=c89 -pedantic -Wall -Wextra -Werror -Wstrict-prototypes -Wwrite-strings -Wshadow -Winit-self -Wcast-align -Wformat=2 -Wmissing-prototypes -Wstrict-overflow=2 -Wcast-qual -Wundef -Wswitch-default -Wconversion -Wc++-compat -fstack-protector-strong    -Wdouble-promotion -o CMakeFiles/cmTC_ed179.dir/src.c.o -c /app/build/CMakeFiles/CMakeTmp/src.c
Linking C executable cmTC_ed179
/usr/bin/cmake -E cmake_link_script CMakeFiles/cmTC_ed179.dir/link.txt --verbose=1
//duo-sdk/riscv64-linux-musl-x86_64/bin/riscv64-unknown-linux-musl-gcc --sysroot=//duo-sdk/rootfs  -std=c89 -pedantic -Wall -Wextra -Werror -Wstrict-prototypes -Wwrite-strings -Wshadow -Winit-self -Wcast-align -Wformat=2 -Wmissing-prototypes -Wstrict-overflow=2 -Wcast-qual -Wundef -Wswitch-default -Wconversion -Wc++-compat -fstack-protector-strong   -lwiringx  -rdynamic CMakeFiles/cmTC_ed179.dir/src.c.o -o cmTC_ed179 
gmake[1]: Leaving directory '/app/build/CMakeFiles/CMakeTmp'


Source file was:
int main(void) { return 0; }
Performing C SOURCE FILE Test FLAG_SUPPORTED_Wparentheses succeeded with the following output:
Change Dir: /app/build/CMakeFiles/CMakeTmp

Run Build Command(s):/usr/bin/gmake -f Makefile cmTC_ea758/fast && /usr/bin/gmake  -f CMakeFiles/cmTC_ea758.dir/build.make CMakeFiles/cmTC_ea758.dir/build
gmake[1]: Entering directory '/app/build/CMakeFiles/CMakeTmp'
Building C object CMakeFiles/cmTC_ea758.dir/src.c.o
//duo-sdk/riscv64-linux-musl-x86_64/bin/riscv64-unknown-linux-musl-gcc --sysroot=//duo-sdk/rootfs -DFLAG_SUPPORTED_Wparentheses -I/app/install_cv1800b_mqtt/include -I/app/install_cv1800b_cjson/include -std=c89 -pedantic -Wall -Wextra -Werror -Wstrict-prototypes -Wwrite-strings -Wshadow -Winit-self -Wcast-align -Wformat=2 -Wmissing-prototypes -Wstrict-overflow=2 -Wcast-qual -Wundef -Wswitch-default -Wconversion -Wc++-compat -fstack-protector-strong -Wdouble-promotion    -Wparentheses -o CMakeFiles/cmTC_ea758.dir/src.c.o -c /app/build/CMakeFiles/CMakeTmp/src.c
Linking C executable cmTC_ea758
/usr/bin/cmake -E cmake_link_script CMakeFiles/cmTC_ea758.dir/link.txt --verbose=1
//duo-sdk/riscv64-linux-musl-x86_64/bin/riscv64-unknown-linux-musl-gcc --sysroot=//duo-sdk/rootfs  -std=c89 -pedantic -Wall -Wextra -Werror -Wstrict-prototypes -Wwrite-strings -Wshadow -Winit-self -Wcast-align -Wformat=2 -Wmissing-prototypes -Wstrict-overflow=2 -Wcast-qual -Wundef -Wswitch-default -Wconversion -Wc++-compat -fstack-protector-strong -Wdouble-promotion   -lwiringx  -rdynamic CMakeFiles/cmTC_ea758.dir/src.c.o -o cmTC_ea758 
gmake[1]: Leaving directory '/app/build/CMakeFiles/CMakeTmp'


Source file was:
int main(void) { return 0; }
Performing C SOURCE FILE Test FLAG_SUPPORTED_Wformatoverflow succeeded with the following output:
Change Dir: /app/build/CMakeFiles/CMakeTmp

Run Build Command(s):/usr/bin/gmake -f Makefile cmTC_aeeb7/fast && /usr/bin/gmake  -f CMakeFiles/cmTC_aeeb7.dir/build.make CMakeFiles/cmTC_aeeb7.dir/build
gmake[1]: Entering directory '/app/build/CMakeFiles/CMakeTmp'
Building C object CMakeFiles/cmTC_aeeb7.dir/src.c.o
//duo-sdk/riscv64-linux-musl-x86_64/bin/riscv64-unknown-linux-musl-gcc --sysroot=//duo-sdk/rootfs -DFLAG_SUPPORTED_Wformatoverflow -I/app/install_cv1800b_mqtt/include -I/app/install_cv1800b_cjson/include -std=c89 -pedantic -Wall -Wextra -Werror -Wstrict-prototypes -Wwrite-strings -Wshadow -Winit-self -Wcast-align -Wformat=2 -Wmissing-prototypes -Wstrict-overflow=2 -Wcast-qual -Wundef -Wswitch-default -Wconversion -Wc++-compat -fstack-protector-strong -Wdouble-promotion -Wparentheses    -Wformat-overflow -o CMakeFiles/cmTC_aeeb7.dir/src.c.o -c /app/build/CMakeFiles/CMakeTmp/src.c
Linking C executable cmTC_aeeb7
/usr/bin/cmake -E cmake_link_script CMakeFiles/cmTC_aeeb7.dir/link.txt --verbose=1
//duo-sdk/riscv64-linux-musl-x86_64/bin/riscv64-unknown-linux-musl-gcc --sysroot=//duo-sdk/rootfs  -std=c89 -pedantic -Wall -Wextra -Werror -Wstrict-prototypes -Wwrite-strings -Wshadow -Winit-self -Wcast-align -Wformat=2 -Wmissing-prototypes -Wstrict-overflow=2 -Wcast-qual -Wundef -Wswitch-default -Wconversion -Wc++-compat -fstack-protector-strong -Wdouble-promotion -Wparentheses   -lwiringx  -rdynamic CMakeFiles/cmTC_aeeb7.dir/src.c.o -o cmTC_aeeb7 
gmake[1]: Leaving directory '/app/build/CMakeFiles/CMakeTmp'


Source file was:
int main(void) { return 0; }
Performing C SOURCE FILE Test FLAG_SUPPORTED_Wunusedmacros succeeded with the following output:
Change Dir: /app/build/CMakeFiles/CMakeTmp

Run Build Command(s):/usr/bin/gmake -f Makefile cmTC_6d280/fast && /usr/bin/gmake  -f CMakeFiles/cmTC_6d280.dir/build.make CMakeFiles/cmTC_6d280.dir/build
gmake[1]: Entering directory '/app/build/CMakeFiles/CMakeTmp'
Building C object CMakeFiles/cmTC_6d280.dir/src.c.o
//duo-sdk/riscv64-linux-musl-x86_64/bin/riscv64-unknown-linux-musl-gcc --sysroot=//duo-sdk/rootfs -DFLAG_SUPPORTED_Wunusedmacros -I/app/install_cv1800b_mqtt/include -I/app/install_cv1800b_cjson/include -std=c89 -pedantic -Wall -Wextra -Werror -Wstrict-prototypes -Wwrite-strings -Wshadow -Winit-self -Wcast-align -Wformat=2 -Wmissing-prototypes -Wstrict-overflow=2 -Wcast-qual -Wundef -Wswitch-default -Wconversion -Wc++-compat -fstack-protector-strong -Wdouble-promotion -Wparentheses -Wformat-overflow    -Wunused-macros -o CMakeFiles/cmTC_6d280.dir/src.c.o -c /app/build/CMakeFiles/CMakeTmp/src.c
Linking C executable cmTC_6d280
/usr/bin/cmake -E cmake_link_script CMakeFiles/cmTC_6d280.dir/link.txt --verbose=1
//duo-sdk/riscv64-linux-musl-x86_64/bin/riscv64-unknown-linux-musl-gcc --sysroot=//duo-sdk/rootfs  -std=c89 -pedantic -Wall -Wextra -Werror -Wstrict-prototypes -Wwrite-strings -Wshadow -Winit-self -Wcast-align -Wformat=2 -Wmissing-prototypes -Wstrict-overflow=2 -Wcast-qual -Wundef -Wswitch-default -Wconversion -Wc++-compat -fstack-protector-strong -Wdouble-promotion -Wparentheses -Wformat-overflow   -lwiringx  -rdynamic CMakeFiles/cmTC_6d280.dir/src.c.o -o cmTC_6d280 
gmake[1]: Leaving directory '/app/build/CMakeFiles/CMakeTmp'


Source file was:
int main(void) { return 0; }
Performing C SOURCE FILE Test FLAG_SUPPORTED_Wswitchenum succeeded with the following output:
Change Dir: /app/build/CMakeFiles/CMakeTmp

Run Build Command(s):/usr/bin/gmake -f Makefile cmTC_21d00/fast && /usr/bin/gmake  -f CMakeFiles/cmTC_21d00.dir/build.make CMakeFiles/cmTC_21d00.dir/build
gmake[1]: Entering directory '/app/build/CMakeFiles/CMakeTmp'
Building C object CMakeFiles/cmTC_21d00.dir/src.c.o
//duo-sdk/riscv64-linux-musl-x86_64/bin/riscv64-unknown-linux-musl-gcc --sysroot=//duo-sdk/rootfs -DFLAG_SUPPORTED_Wswitchenum -I/app/install_cv1800b_mqtt/include -I/app/install_cv1800b_cjson/include -std=c89 -pedantic -Wall -Wextra -Werror -Wstrict-prototypes -Wwrite-strings -Wshadow -Winit-self -Wcast-align -Wformat=2 -Wmissing-prototypes -Wstrict-overflow=2 -Wcast-qual -Wundef -Wswitch-default -Wconversion -Wc++-compat -fstack-protector-strong -Wdouble-promotion -Wparentheses -Wformat-overflow -Wunused-macros    -Wswitch-enum -o CMakeFiles/cmTC_21d00.dir/src.c.o -c /app/build/CMakeFiles/CMakeTmp/src.c
Linking C executable cmTC_21d00
/usr/bin/cmake -E cmake_link_script CMakeFiles/cmTC_21d00.dir/link.txt --verbose=1
//duo-sdk/riscv64-linux-musl-x86_64/bin/riscv64-unknown-linux-musl-gcc --sysroot=//duo-sdk/rootfs  -std=c89 -pedantic -Wall -Wextra -Werror -Wstrict-prototypes -Wwrite-strings -Wshadow -Winit-self -Wcast-align -Wformat=2 -Wmissing-prototypes -Wstrict-overflow=2 -Wcast-qual -Wundef -Wswitch-default -Wconversion -Wc++-compat -fstack-protector-strong -Wdouble-promotion -Wparentheses -Wformat-overflow -Wunused-macros   -lwiringx  -rdynamic CMakeFiles/cmTC_21d00.dir/src.c.o -o cmTC_21d00 
gmake[1]: Leaving directory '/app/build/CMakeFiles/CMakeTmp'


Source file was:
int main(void) { return 0; }
Performing C SOURCE FILE Test FLAG_SUPPORTED_fvisibilityhidden succeeded with the following output:
Change Dir: /app/build/CMakeFiles/CMakeTmp

Run Build Command(s):/usr/bin/gmake -f Makefile cmTC_ba9e9/fast && /usr/bin/gmake  -f CMakeFiles/cmTC_ba9e9.dir/build.make CMakeFiles/cmTC_ba9e9.dir/build
gmake[1]: Entering directory '/app/build/CMakeFiles/CMakeTmp'
Building C object CMakeFiles/cmTC_ba9e9.dir/src.c.o
//duo-sdk/riscv64-linux-musl-x86_64/bin/riscv64-unknown-linux-musl-gcc --sysroot=//duo-sdk/rootfs -DFLAG_SUPPORTED_fvisibilityhidden -I/app/install_cv1800b_mqtt/include -I/app/install_cv1800b_cjson/include -std=c89 -pedantic -Wall -Wextra -Werror -Wstrict-prototypes -Wwrite-strings -Wshadow -Winit-self -Wcast-align -Wformat=2 -Wmissing-prototypes -Wstrict-overflow=2 -Wcast-qual -Wundef -Wswitch-default -Wconversion -Wc++-compat -fstack-protector-strong -Wdouble-promotion -Wparentheses -Wformat-overflow -Wunused-macros -Wswitch-enum    -fvisibility=hidden -o CMakeFiles/cmTC_ba9e9.dir/src.c.o -c /app/build/CMakeFiles/CMakeTmp/src.c
Linking C executable cmTC_ba9e9
/usr/bin/cmake -E cmake_link_script CMakeFiles/cmTC_ba9e9.dir/link.txt --verbose=1
//duo-sdk/riscv64-linux-musl-x86_64/bin/riscv64-unknown-linux-musl-gcc --sysroot=//duo-sdk/rootfs  -std=c89 -pedantic -Wall -Wextra -Werror -Wstrict-prototypes -Wwrite-strings -Wshadow -Winit-self -Wcast-align -Wformat=2 -Wmissing-prototypes -Wstrict-overflow=2 -Wcast-qual -Wundef -Wswitch-default -Wconversion -Wc++-compat -fstack-protector-strong -Wdouble-promotion -Wparentheses -Wformat-overflow -Wunused-macros -Wswitch-enum   -lwiringx  -rdynamic CMakeFiles/cmTC_ba9e9.dir/src.c.o -o cmTC_ba9e9 
gmake[1]: Leaving directory '/app/build/CMakeFiles/CMakeTmp'


Source file was:
int main(void) { return 0; }
